  CLEAN   .config
  HOSTCC  scripts/basic/fixdep
  HOSTCC  scripts/kconfig/conf.o
  SHIPPED scripts/kconfig/zconf.tab.c
  SHIPPED scripts/kconfig/lex.zconf.c
  SHIPPED scripts/kconfig/zconf.hash.c
  HOSTCC  scripts/kconfig/zconf.tab.o
  HOSTLD  scripts/kconfig/conf
#
# configuration written to .config
#
scripts/kconfig/conf --silentoldconfig Kconfig
  CHK     include/linux/version.h
  UPD     include/linux/version.h
  CHK     include/generated/utsrelease.h
  UPD     include/generated/utsrelease.h
  HOSTCC  scripts/kallsyms
  HOSTCC  scripts/bin2c
  HOSTCC  scripts/pnmtologo
  HOSTCC  scripts/conmakehash
  HOSTCC  scripts/mod/mk_elfconfig
  CC      scripts/mod/empty.o
  MKELF   scripts/mod/elfconfig.h
  HOSTCC  scripts/mod/file2alias.o
  HOSTCC  scripts/mod/modpost.o
  HOSTCC  scripts/mod/sumversion.o
  HOSTLD  scripts/mod/modpost
  Generating include/generated/mach-types.h
  CC      kernel/bounds.s
  GEN     include/generated/bounds.h
  CC      arch/arm/kernel/asm-offsets.s
  GEN     include/generated/asm-offsets.h
  CALL    scripts/checksyscalls.sh
  CHK     include/generated/compile.h
  CC      init/main.o
  CC      init/do_mounts_initrd.o
  CC      init/initramfs.o
  CC      init/calibrate.o
  CC      init/do_mounts.o
  HOSTCC  usr/gen_init_cpio
  CC      arch/arm/vfp/vfpmodule.o
  UPD     include/generated/compile.h
  CC      arch/arm/kernel/elf.o
  CC      init/version.o
  AS      arch/arm/kernel/entry-armv.o
  AS      arch/arm/kernel/entry-common.o
  GEN     usr/initramfs_data.cpio.lzma
  AS      arch/arm/vfp/entry.o
  CC      arch/arm/kernel/irq.o
  AS      arch/arm/vfp/vfphw.o
  CC      arch/arm/mm/dma-mapping.o
  CC      arch/arm/vfp/vfpsingle.o
  CC      arch/arm/vfp/vfpdouble.o
  CC      arch/arm/kernel/process.o
  CC      arch/arm/kernel/ptrace.o
  CC      arch/arm/kernel/return_address.o
  LD      init/mounts.o
  LD      init/built-in.o
  CC      arch/arm/common/gic.o
  CC      arch/arm/kernel/setup.o
  CC      arch/arm/mm/extable.o
  CC      arch/arm/common/pl330.o
  CC      arch/arm/mach-rk30/clock.o
  CC      arch/arm/mm/fault.o
  CC      arch/arm/mm/init.o
  CC      arch/arm/kernel/signal.o
  LD      arch/arm/vfp/vfp.o
  LD      arch/arm/vfp/built-in.o
  CC      arch/arm/plat-rk/last_log.o
  CC      arch/arm/kernel/sys_arm.o
  CC      arch/arm/plat-rk/dma-pl330.o
  CC      arch/arm/mm/iomap.o
  DECODE  arch/arm/mach-rk30/clock_data.o
  CC      arch/arm/mach-rk30/common.o
  CC      arch/arm/mm/fault-armv.o
  CC      arch/arm/kernel/stacktrace.o
  CC      arch/arm/mm/flush.o
  CC      arch/arm/kernel/time.o
  DECODE  arch/arm/mach-rk30/ddr.o
  CC      arch/arm/mach-rk30/devices.o
  CC      arch/arm/kernel/traps.o
  CC      arch/arm/mm/idmap.o
  CC      arch/arm/kernel/armksyms.o
  LD      arch/arm/common/built-in.o
  CC      arch/arm/mm/ioremap.o
  CC      kernel/sched.o
  CC      arch/arm/mach-rk30/io.o
  CC      arch/arm/mm/mmap.o
  CC      arch/arm/mach-rk30/iomux.o
  CC      arch/arm/kernel/module.o
  CC      arch/arm/plat-rk/early_printk.o
  AS      arch/arm/kernel/sleep.o
  CC      arch/arm/kernel/sched_clock.o
  AS      arch/arm/plat-rk/../kernel/debug.o
  CC      arch/arm/mm/pgd.o
  CC      arch/arm/plat-rk/mem_reserve.o
  CC      arch/arm/mm/mmu.o
  CC      arch/arm/kernel/smp.o
  CC      arch/arm/kernel/smp_tlb.o
  CC      arch/arm/plat-rk/sram.o
  CC      arch/arm/mach-rk30/reset.o
  CC      arch/arm/mm/vmregion.o
  CC      arch/arm/mach-rk30/timer.o
  CC      arch/arm/kernel/smp_scu.o
  CC      arch/arm/plat-rk/memtester.o
  CC      arch/arm/mm/proc-syms.o
  CC      arch/arm/kernel/smp_twd.o
  CC      arch/arm/mm/alignment.o
  AS      usr/initramfs_data.o
  CC      arch/arm/mach-rk30/tsadc.o
  LD      usr/built-in.o
  CC      arch/arm/mm/highmem.o
  CC      mm/filemap.o
  CC      arch/arm/kernel/unwind.o
  CC      arch/arm/kernel/hw_breakpoint.o
  CC      arch/arm/mach-rk30/platsmp.o
  AS      arch/arm/mm/abort-ev7.o
  LD      arch/arm/plat-rk/built-in.o
  AS      arch/arm/mm/pabort-v7.o
  CC      fs/open.o
  AS      arch/arm/mm/cache-v7.o
  AS      arch/arm/mach-rk30/headsmp.o
  CC      arch/arm/mach-rk30/hotplug.o
  CC      arch/arm/mm/copypage-v6.o
  CC      arch/arm/mm/context.o
  CC      mm/mempool.o
  CC      arch/arm/mach-rk30/localtimer.o
  CC      arch/arm/mach-rk30/pm.o
  AS      arch/arm/mm/tlb-v7.o
  CC      kernel/fork.o
  AS      arch/arm/mm/proc-v7.o
  CC      arch/arm/mm/cache-l2x0.o
  CC      arch/arm/kernel/pmu.o
  CC      mm/oom_kill.o
  CC      arch/arm/kernel/perf_event.o
  LD      arch/arm/mm/built-in.o
  CC      ipc/util.o
  CC      fs/read_write.o
  CC      arch/arm/mach-rk30/cpuidle.o
  CC      arch/arm/mach-rk30/cpufreq.o
  CC      mm/fadvise.o
  CC      ipc/msgutil.o
  CC      mm/maccess.o
  CC      arch/arm/kernel/io.o
  CC      mm/page_alloc.o
  AS      arch/arm/kernel/head.o
  CC      mm/page-writeback.o
  CC      ipc/msg.o
  CC      arch/arm/kernel/init_task.o
  CC      arch/arm/mach-rk30/dvfs.o
  CC      fs/file_table.o
  CC      kernel/exec_domain.o
  LDS     arch/arm/kernel/vmlinux.lds
  LD      arch/arm/kernel/built-in.o
  CC      security/commoncap.o
  CC      kernel/panic.o
  CC      ipc/sem.o
  CC      fs/super.o
  CC      kernel/printk.o
  CC      arch/arm/mach-rk30/i2c_sram.o
  CC      security/min_addr.o
  CC      mm/readahead.o
  CC      arch/arm/mach-rk30/board-rk30-box.o
  CC      security/device_cgroup.o
  CC      fs/char_dev.o
  CC      mm/swap.o
  CC      ipc/shm.o
  LD      security/built-in.o
  CC      crypto/api.o
  CC      fs/stat.o
  CC      fs/exec.o
  CC      arch/arm/mach-rk30/board-rk30-box-key.o
  CC      arch/arm/mach-rk30/board-rk30-box-rfkill.o
  CC      kernel/cpu.o
  CC      crypto/cipher.o
  CC      fs/pipe.o
  CC      mm/truncate.o
  CC      ipc/ipcns_notifier.o
  LD      arch/arm/mach-rk30/built-in.o
  CC      block/elevator.o
  CC      crypto/compress.o
  CC      ipc/syscall.o
  CC      ipc/ipc_sysctl.o
  CC      kernel/exit.o
  CC      crypto/algapi.o
  CC      ipc/namespace.o
  CC      mm/vmscan.o
  LD      ipc/built-in.o
  CC      drivers/adc/core.o
  CC      drivers/adc/plat/rk30_adc.o
  CC      block/blk-core.o
  CC      fs/namei.o
  CC      mm/shmem.o
  LD      drivers/adc/plat/built-in.o
  LD      drivers/adc/built-in.o
  LD      drivers/auxdisplay/built-in.o
  CC      drivers/base/core.o
  CC      drivers/block/loop.o
  CC      crypto/scatterwalk.o
  CC      kernel/itimer.o
  CC      crypto/proc.o
  CC      crypto/ablkcipher.o
  TIMEC   kernel/timeconst.h
  CC      kernel/softirq.o
  CC      drivers/base/sys.o
  LD      drivers/block/built-in.o
  LD      drivers/bluetooth/built-in.o
  LD      drivers/cdrom/built-in.o
  CC      drivers/char/mem.o
  CC      drivers/base/bus.o
  CC      mm/prio_tree.o
  CC      block/blk-tag.o
  CC      crypto/blkcipher.o
  CC      mm/util.o
  CC      mm/mmzone.o
  CC      kernel/resource.o
  CC      block/blk-sysfs.o
  CC      mm/vmstat.o
  CC      drivers/char/random.o
  CC      mm/backing-dev.o
  CC      fs/fcntl.o
  CC      drivers/base/dd.o
  CC      crypto/ahash.o
  CC      drivers/base/syscore.o
  CC      block/blk-flush.o
  CC      kernel/sysctl.o
  CC      drivers/char/misc.o
  CC      crypto/shash.o
  CC      fs/ioctl.o
  CC      drivers/base/driver.o
  CC      mm/page_isolation.o
  CC      mm/mm_init.o
  CC      mm/mmu_context.o
  LD      drivers/char/built-in.o
  LD      drivers/cir/built-in.o
  CC      drivers/clk/clkdev.o
  CC      block/blk-settings.o
  CC      drivers/base/class.o
  CC      mm/percpu.o
  LD      drivers/clk/built-in.o
  LD      drivers/clocksource/built-in.o
  CC      mm/fremap.o
  CC      drivers/cpufreq/cpufreq.o
  CC      fs/readdir.o
  CC      crypto/algboss.o
  CC      drivers/base/platform.o
  CC      block/blk-ioc.o
  CC      mm/highmem.o
  CC      fs/select.o
  CC      kernel/sysctl_binary.o
  CC      crypto/testmgr.o
  CC      block/blk-map.o
  CC      drivers/base/cpu.o
  CC      crypto/crypto_wq.o
  CC      mm/madvise.o
  LD      crypto/crypto_algapi.o
  CC      crypto/aead.o
  CC      kernel/capability.o
  CC      block/blk-exec.o
  CC      drivers/base/firmware.o
  CC      drivers/cpufreq/cpufreq_stats.o
  CC      mm/memory.o
  CC      drivers/base/init.o
  CC      fs/fifo.o
  CC      mm/mincore.o
  CC      drivers/base/map.o
  CC      block/blk-merge.o
  CC      drivers/cpufreq/cpufreq_performance.o
  CC      kernel/ptrace.o
  CC      fs/dcache.o
  LD      crypto/crypto_blkcipher.o
  CC      crypto/chainiv.o
  CC      drivers/cpufreq/cpufreq_userspace.o
  CC      drivers/base/devres.o
  CC      mm/mlock.o
  CC      drivers/cpufreq/cpufreq_interactive.o
  CC      crypto/eseqiv.o
  CC      block/blk-softirq.o
  CC      drivers/base/attribute_container.o
  CC      kernel/timer.o
  CC      mm/mmap.o
  CC      drivers/base/transport_class.o
  LD      crypto/crypto_hash.o
  CC      crypto/pcompress.o
  CC      block/blk-timeout.o
  CC      drivers/cpufreq/cpufreq_hotplug.o
  CC      drivers/base/devtmpfs.o
  LD      crypto/cryptomgr.o
  CC      crypto/hmac.o
  CC      block/blk-iopoll.o
  CC      drivers/cpufreq/freq_table.o
  CC      crypto/md4.o
  CC      drivers/base/power/sysfs.o
  CC      mm/mprotect.o
  CC      kernel/user.o
  CC      block/blk-lib.o
  LD      drivers/cpufreq/built-in.o
  CC      drivers/cpuidle/cpuidle.o
  CC      crypto/md5.o
  CC      kernel/signal.o
  CC      drivers/base/power/generic_ops.o
  CC      fs/inode.o
  CC      block/ioctl.o
  CC      mm/mremap.o
  CC      crypto/sha1_generic.o
  CC      drivers/cpuidle/driver.o
  CC      drivers/base/power/main.o
  CC      mm/msync.o
  CC      drivers/cpuidle/governor.o
  CC      crypto/ecb.o
  CC      drivers/cpuidle/sysfs.o
  CC      mm/rmap.o
  CC      block/genhd.o
  CC      mm/vmalloc.o
  CC      crypto/cbc.o
  CC      drivers/cpuidle/governors/ladder.o
  CC      drivers/base/power/wakeup.o
  CC      crypto/des_generic.o
  CC      drivers/cpuidle/governors/menu.o
  CC      fs/attr.o
  LD      drivers/cpuidle/governors/built-in.o
  LD      drivers/cpuidle/built-in.o
  LD      drivers/crypto/built-in.o
  LD      drivers/firewire/built-in.o
  LD      drivers/firmware/built-in.o
  CC      drivers/gpio/gpiolib.o
  CC      fs/bad_inode.o
  CC      drivers/base/power/runtime.o
  CC      mm/pagewalk.o
  CC      fs/file.o
  CC      kernel/sys.o
  CC      block/scsi_ioctl.o
  CC      mm/pgtable-generic.o
  CC      crypto/twofish_generic.o
  CC      drivers/gpio/gpio-rk30.o
  CC      mm/init-mm.o
  CC      drivers/base/power/clock_ops.o
  CC      fs/filesystems.o
  CC      mm/bootmem.o
  CC      mm/memblock.o
  CC      drivers/gpio/gpio-tps65910.o
  LD      drivers/base/power/built-in.o
  CC      block/bsg.o
  CC      drivers/base/dma-mapping.o
  CC      crypto/twofish_common.o
  LD      drivers/gpio/built-in.o
  LD      drivers/gpu/drm/i2c/built-in.o
  LD      drivers/gpu/drm/built-in.o
  CC      drivers/gpu/ion/ion.o
  CC      drivers/base/dma-coherent.o
  CC      mm/bounce.o
  CC      mm/page_io.o
  CC      kernel/kmod.o
  CC      drivers/base/firmware_class.o
  CC      mm/swap_state.o
  CC      mm/swapfile.o
  CC      block/blk-cgroup.o
  CC      crypto/aes_generic.o
  CC      kernel/workqueue.o
  CC      drivers/base/topology.o
  CC      mm/thrash.o
  CC      drivers/gpu/ion/ion_heap.o
  CC      drivers/base/module.o
  CC      drivers/gpu/ion/ion_system_heap.o
  CC      mm/dmapool.o
  LD      drivers/base/built-in.o
  LD      drivers/headset_observe/built-in.o
  CC      drivers/hid/hid-lg.o
  CC      block/noop-iosched.o
  CC      drivers/gpu/ion/ion_carveout_heap.o
  CC      mm/ashmem.o
  CC      fs/seq_file.o
  CC      block/deadline-iosched.o
  CC      drivers/gpu/ion/rockchip/rockchip_ion.o
  CC      crypto/arc4.o
  CC      drivers/hid/hid-lgff.o
  CC      crypto/deflate.o
  LD      drivers/gpu/ion/rockchip/built-in.o
  LD      drivers/gpu/ion/built-in.o
  LD      drivers/gpu/stub/built-in.o
  LD      drivers/gpu/vga/built-in.o
  LD      drivers/gpu/built-in.o
  CC      drivers/i2c/i2c-boardinfo.o
  CC      mm/compaction.o
  CC      drivers/hid/hid-lg2ff.o
  CC      mm/slub.o
  CC      block/cfq-iosched.o
  CC      crypto/crc32c.o
  CC      fs/xattr.o
  CC      drivers/i2c/i2c-core.o
  CC      drivers/hid/hid-lg3ff.o
  CC      crypto/authenc.o
  CC      drivers/hid/hid-lg4ff.o
  CC      kernel/pid.o
  CC      mm/migrate.o
  CC      fs/libfs.o
  CC      drivers/hid/hid-debug.o
  CC      crypto/authencesn.o
  CC      kernel/rcupdate.o
  LD      drivers/i2c/algos/built-in.o
  CC      drivers/i2c/busses/i2c-dev-rk29.o
  CC      kernel/extable.o
  CC      mm/memcontrol.o
  CC      drivers/hid/hid-core.o
  CC      fs/fs-writeback.o
  CC      kernel/params.o
  CC      mm/page_cgroup.o
  CC      drivers/i2c/busses/i2c-rk30.o
  CC      crypto/rng.o
  CC      sound/sound_core.o
  CC      crypto/krng.o
  LD      block/built-in.o
  LD      sound/arm/built-in.o
  LD      sound/atmel/built-in.o
  CC      sound/core/hwdep.o
  CC      net/socket.o
  CC      drivers/i2c/busses/i2c-rk29-adapter.o
  LD      crypto/crypto.o
  CC      kernel/posix-timers.o
  LD      crypto/built-in.o
  LD      arch/arm/lib/built-in.o
  AS      arch/arm/lib/ashldi3.o
  AS      arch/arm/lib/ashrdi3.o
  CC      fs/pnode.o
  AS      arch/arm/lib/backtrace.o
  AS      arch/arm/lib/changebit.o
  AS      arch/arm/lib/clear_user.o
  AS      arch/arm/lib/clearbit.o
  AS      arch/arm/lib/copy_from_user.o
  AS      arch/arm/lib/copy_page.o
  AS      arch/arm/lib/copy_to_user.o
  AS      arch/arm/lib/csumipv6.o
  AS      arch/arm/lib/csumpartial.o
  AS      arch/arm/lib/csumpartialcopy.o
  AS      arch/arm/lib/csumpartialcopyuser.o
  AS      arch/arm/lib/delay.o
  CC      fs/drop_caches.o
  AS      arch/arm/lib/div64.o
  AS      arch/arm/lib/findbit.o
  CC      sound/core/memalloc.o
  AS      arch/arm/lib/getuser.o
  CC      drivers/hid/hid-input.o
  AS      arch/arm/lib/io-readsb.o
  AS      arch/arm/lib/io-readsl.o
  AS      arch/arm/lib/io-readsw-armv4.o
  AS      arch/arm/lib/io-writesb.o
  AS      arch/arm/lib/io-writesl.o
  CC      drivers/i2c/busses/i2c-rk30-adapter.o
  AS      arch/arm/lib/io-writesw-armv4.o
  AS      arch/arm/lib/lib1funcs.o
  AS      arch/arm/lib/lshrdi3.o
  CC      fs/splice.o
  AS      arch/arm/lib/memchr.o
  AS      arch/arm/lib/memcpy.o
  AS      arch/arm/lib/memmove.o
  AS      arch/arm/lib/memset.o
  AS      arch/arm/lib/memzero.o
  AS      arch/arm/lib/muldi3.o
  AS      arch/arm/lib/putuser.o
  CC      kernel/kthread.o
  AS      arch/arm/lib/setbit.o
  AS      arch/arm/lib/sha1.o
  AS      arch/arm/lib/strchr.o
  CC      sound/core/pcm.o
  AS      arch/arm/lib/strncpy_from_user.o
  AS      arch/arm/lib/strnlen_user.o
  AS      arch/arm/lib/strrchr.o
  AS      arch/arm/lib/testchangebit.o
  AS      arch/arm/lib/testclearbit.o
  AS      arch/arm/lib/testsetbit.o
  AS      arch/arm/lib/ucmpdi2.o
  AR      arch/arm/lib/lib.a
  CC      lib/bcd.o
  LD      drivers/i2c/busses/built-in.o
  LD      drivers/i2c/muxes/built-in.o
  LD      drivers/i2c/built-in.o
  LD      drivers/idle/built-in.o
  LD      drivers/ieee802154/built-in.o
  CC      drivers/input/input.o
  CC      kernel/wait.o
  CC      lib/div64.o
  CC      lib/sort.o
  CC      net/802/p8022.o
  CC      sound/core/pcm_native.o
  CC      kernel/kfifo.o
  CC      lib/parser.o
  CC      net/802/psnap.o
  CC      lib/halfmd4.o
  CC      fs/sync.o
  CC      lib/debug_locks.o
  CC      kernel/sys_ni.o
  LD      mm/built-in.o
  CC      kernel/posix-cpu-timers.o
  LD      sound/drivers/mpu401/built-in.o
  CC      lib/random32.o
  LD      sound/drivers/opl3/built-in.o
  CC      net/802/stp.o
  LD      sound/drivers/opl4/built-in.o
  LD      sound/drivers/pcsp/built-in.o
  LD      sound/drivers/vx/built-in.o
  LD      sound/drivers/built-in.o
  LD      sound/firewire/built-in.o
  LD      sound/i2c/other/built-in.o
  LD      sound/i2c/built-in.o
  LD      sound/isa/ad1816a/built-in.o
  LD      sound/isa/ad1848/built-in.o
  CC      drivers/hid/hid-a4tech.o
  LD      sound/isa/cs423x/built-in.o
  LD      sound/isa/es1688/built-in.o
  CC      fs/utimes.o
  LD      sound/isa/galaxy/built-in.o
  LD      sound/isa/gus/built-in.o
  LD      sound/isa/msnd/built-in.o
  LD      sound/isa/opti9xx/built-in.o
  LD      sound/isa/sb/built-in.o
  LD      sound/isa/wavefront/built-in.o
  LD      sound/isa/wss/built-in.o
  LD      sound/isa/built-in.o
  CC      lib/bust_spinlocks.o
  LD      sound/mips/built-in.o
  CC      net/8021q/vlan_core.o
  CC      drivers/hid/hid-axff.o
  LD      net/802/built-in.o
  LD      net/bluetooth/built-in.o
  LD      net/bluetooth/bnep/built-in.o
  CC      drivers/input/input-compat.o
  LD      net/bluetooth/hidp/built-in.o
  CC      lib/hexdump.o
  LD      net/bluetooth/rfcomm/built-in.o
  CC      net/bridge/br.o
  CC      fs/stack.o
  CC      drivers/input/input-mt.o
  CC      fs/fs_struct.o
  CC      lib/kasprintf.o
  LD      net/8021q/built-in.o
  CC      net/core/sock.o
  CC      drivers/hid/hid-apple.o
  CC      lib/bitmap.o
  CC      drivers/input/ff-core.o
  CC      net/bridge/br_device.o
  CC      kernel/mutex.o
  CC      fs/statfs.o
  CC      drivers/hid/hid-belkin.o
  CC      drivers/input/ff-memless.o
  CC      kernel/hrtimer.o
  CC      drivers/hid/hid-cherry.o
  CC      fs/buffer.o
  CC      net/bridge/br_fdb.o
  CC      sound/core/pcm_lib.o
  CC      lib/scatterlist.o
  CC      drivers/hid/hid-chicony.o
  CC      drivers/input/evdev.o
  CC      drivers/hid/hid-cypress.o
  CC      lib/string_helpers.o
  CC      drivers/hid/hid-dr.o
  CC      lib/gcd.o
  CC      lib/lcm.o
  CC      kernel/rwsem.o
  CC      net/bridge/br_forward.o
  CC      lib/list_sort.o
  CC      drivers/hid/hid-emsff.o
  CC      kernel/nsproxy.o
  CC      net/core/request_sock.o
  LD      drivers/input/joystick/built-in.o
  CC      drivers/input/keyboard/rk29_keys.o
  CC      lib/uuid.o
  CC      drivers/hid/hid-ezkey.o
  CC      lib/flex_array.o
  CC      net/bridge/br_if.o
  CC      kernel/srcu.o
  CC      drivers/hid/hid-gyration.o
  CC      net/core/skbuff.o
  CC      sound/core/pcm_timer.o
  CC      drivers/input/keyboard/atkbd.o
  CC      lib/bsearch.o
  CC      lib/find_last_bit.o
  CC      kernel/semaphore.o
  CC      drivers/hid/hid-kensington.o
  CC      lib/kstrtox.o
  CC      sound/core/pcm_misc.o
  CC      drivers/hid/hid-keytouch.o
  CC      net/bridge/br_input.o
  CC      kernel/notifier.o
  CC      drivers/hid/hid-kye.o
  CC      fs/bio.o
  CC      sound/core/pcm_memory.o
  CC      lib/iomap_copy.o
  CC      kernel/ksysfs.o
  CC      drivers/hid/hid-lcpower.o
  CC      lib/devres.o
  LD      drivers/input/keyboard/built-in.o
  CC      drivers/input/misc/keychord.o
  CC      kernel/pm_qos_params.o
  CC      net/bridge/br_ioctl.o
  CC      sound/core/rawmidi.o
  LD      drivers/hid/hid-logitech.o
  CC      drivers/hid/hid-microsoft.o
  CC      lib/hweight.o
  CC      lib/bitrev.o
  CC      drivers/hid/hid-monterey.o
  CC      drivers/input/misc/uinput.o
  CC      lib/crc-ccitt.o
  CC      kernel/sched_clock.o
  CC      lib/crc16.o
  CC      kernel/cred.o
  CC      drivers/hid/hid-multitouch.o
  HOSTCC  lib/gen_crc32table
  CC      net/bridge/br_notify.o
  CC      fs/block_dev.o
  CC      lib/libcrc32c.o
  CC      lib/genalloc.o
  LD      drivers/input/misc/built-in.o
  CC      drivers/input/mouse/psmouse-base.o
  CC      kernel/async.o
  CC      drivers/hid/hid-ntrig.o
  CC      net/bridge/br_stp.o
  CC      lib/zlib_deflate/deflate.o
  CC      net/core/iovec.o
  CC      sound/core/timer.o
  CC      kernel/range.o
  CC      kernel/jump_label.o
  CC      net/core/datagram.o
  CC      drivers/hid/hid-ortek.o
  CC      kernel/groups.o
  CC      net/bridge/br_stp_bpdu.o
  CC      fs/direct-io.o
  CC      lib/zlib_deflate/deftree.o
  CC      drivers/hid/hid-quanta.o
  CC      drivers/input/mouse/synaptics.o
  CC      kernel/freezer.o
  CC      drivers/hid/hid-pl.o
  CC      net/bridge/br_stp_if.o
  CC      net/core/stream.o
  CC      kernel/stacktrace.o
  CC      drivers/hid/hid-petalynx.o
  CC      sound/core/sound.o
  CC      fs/mpage.o
  CC      drivers/input/mouse/alps.o
  CC      kernel/events/core.o
  CC      lib/zlib_deflate/deflate_syms.o
  CC      drivers/hid/hid-picolcd.o
  LD      lib/zlib_deflate/zlib_deflate.o
  LD      lib/zlib_deflate/built-in.o
  CC      net/bridge/br_stp_timer.o
  CC      lib/zlib_inflate/inffast.o
  CC      net/core/scm.o
  CC      sound/core/init.o
  CC      lib/zlib_inflate/inflate.o
  CC      drivers/input/mouse/logips2pp.o
  CC      fs/ioprio.o
  CC      net/bridge/br_netlink.o
  CC      drivers/input/mouse/trackpoint.o
  CC      net/core/gen_stats.o
  CC      sound/core/memory.o
  CC      fs/cifs/cifsfs.o
  CC      sound/core/info.o
  LD      drivers/input/mouse/psmouse.o
  CC      lib/zlib_inflate/infutil.o
  LD      drivers/input/mouse/built-in.o
  CC      drivers/input/remotectl/rkxx_remotectl.o
  CC      net/bridge/br_sysfs_if.o
  CC      net/core/gen_estimator.o
  CC      lib/zlib_inflate/inftrees.o
  CC      drivers/hid/hid-roccat.o
  CC      lib/zlib_inflate/inflate_syms.o
  LD      lib/zlib_inflate/zlib_inflate.o
  LD      lib/zlib_inflate/built-in.o
  CC      lib/textsearch.o
  LD      drivers/input/remotectl/built-in.o
  CC      net/bridge/br_sysfs_br.o
  LD      drivers/input/tablet/built-in.o
  CC      drivers/input/keyreset.o
  CC      net/core/net_namespace.o
  CC      drivers/hid/hid-roccat-common.o
  CC      sound/core/control.o
  CC      lib/ts_kmp.o
  CC      fs/cifs/cifssmb.o
  CC      drivers/hid/hid-roccat-arvo.o
  LD      drivers/input/input-core.o
  LD      drivers/input/built-in.o
  CC      drivers/input/serio/serio.o
  CC      lib/ts_bm.o
  CC      net/bridge/br_netfilter.o
  CC      net/core/secure_seq.o
  CC      lib/ts_fsm.o
  CC      drivers/hid/hid-roccat-kone.o
  CC      net/core/sysctl_net_core.o
  CC      lib/percpu_counter.o
  CC      drivers/input/serio/serport.o
  CC      sound/core/misc.o
  CC      lib/nlattr.o
  CC      drivers/hid/hid-roccat-koneplus.o
  CC      net/core/dev.o
  CC      drivers/input/serio/libps2.o
  CC      sound/core/device.o
  LD      net/bridge/bridge.o
  LD      net/bridge/built-in.o
  CC      sound/core/jack.o
  CC      drivers/leds/led-core.o
  CC      lib/average.o
  CC      drivers/hid/hid-roccat-kovaplus.o
  CC      drivers/leds/led-class.o
  LD      drivers/input/serio/built-in.o
  LD      drivers/lguest/built-in.o
  LD      drivers/macintosh/built-in.o
  CC      drivers/md/dm-uevent.o
  CC      lib/cpu_rmap.o
  LD      sound/core/snd.o
  LD      sound/core/snd-hwdep.o
  LD      sound/core/snd-timer.o
  LD      sound/core/snd-pcm.o
  LD      sound/core/snd-page-alloc.o
  LD      sound/core/snd-rawmidi.o
  LD      sound/core/built-in.o
  CC      drivers/leds/leds-gpio.o
  LD      sound/parisc/built-in.o
  LD      sound/pci/ac97/built-in.o
  LD      sound/pci/ali5451/built-in.o
  LD      sound/pci/asihpi/built-in.o
  LD      sound/pci/au88x0/built-in.o
  CC      kernel/events/hw_breakpoint.o
  LD      sound/pci/aw2/built-in.o
  LD      sound/pci/ca0106/built-in.o
  LD      sound/pci/cs46xx/built-in.o
  LD      sound/pci/cs5535audio/built-in.o
  LD      sound/pci/ctxfi/built-in.o
  LD      sound/pci/echoaudio/built-in.o
  LD      sound/pci/emu10k1/built-in.o
  LD      sound/pci/hda/built-in.o
  LD      sound/pci/ice1712/built-in.o
  LD      sound/pci/korg1212/built-in.o
  CC      drivers/md/dm.o
  LD      sound/pci/lola/built-in.o
  CC      lib/argv_split.o
  LD      sound/pci/lx6464es/built-in.o
  LD      sound/pci/mixart/built-in.o
  LD      sound/pci/nm256/built-in.o
  LD      sound/pci/oxygen/built-in.o
  LD      sound/pci/pcxhr/built-in.o
  LD      sound/pci/riptide/built-in.o
  LD      sound/pci/rme9652/built-in.o
  LD      sound/pci/trident/built-in.o
  CC      drivers/hid/hid-roccat-pyra.o
  LD      sound/pci/vx222/built-in.o
  LD      sound/pci/ymfpci/built-in.o
  LD      sound/pci/built-in.o
  LD      drivers/leds/built-in.o
  LD      sound/pcmcia/pdaudiocf/built-in.o
  LD      sound/pcmcia/vx/built-in.o
  LD      drivers/media/common/tuners/built-in.o
  LD      drivers/media/common/built-in.o
  LD      sound/pcmcia/built-in.o
  LD      drivers/media/radio/built-in.o
  LD      sound/ppc/built-in.o
  LD      sound/sh/built-in.o
  CC      drivers/media/rc/keymaps/rc-adstech-dvb-t-pci.o
  CC      sound/soc/soc-core.o
  CC      lib/cmdline.o
  CC      drivers/media/rc/keymaps/rc-alink-dtu-m.o
  CC      lib/cpumask.o
  LD      kernel/events/built-in.o
  CC      kernel/irq/irqdesc.o
  CC      drivers/media/rc/keymaps/rc-anysee.o
  CC      lib/ctype.o
  CC      drivers/hid/hid-samsung.o
  CC      lib/dec_and_lock.o
  CC      drivers/media/rc/keymaps/rc-apac-viewcomp.o
  CC      kernel/irq/handle.o
  CC      lib/decompress.o
  CC      lib/decompress_inflate.o
  CC      drivers/media/rc/keymaps/rc-asus-pc39.o
  CC      drivers/hid/hid-sjoy.o
  CC      kernel/irq/manage.o
  CC      drivers/media/rc/keymaps/rc-ati-tv-wonder-hd-600.o
  CC      lib/decompress_unlzma.o
  CC      drivers/media/rc/keymaps/rc-avermedia-a16d.o
  CC      drivers/hid/hid-sony.o
  CC      drivers/media/rc/keymaps/rc-avermedia.o
  CC      drivers/md/dm-table.o
  CC      drivers/hid/hid-sunplus.o
  CC      drivers/media/rc/keymaps/rc-avermedia-cardbus.o
  CC      lib/dump_stack.o
  CC      kernel/irq/spurious.o
  CC      drivers/hid/hid-gaff.o
  CC      drivers/media/rc/keymaps/rc-avermedia-dvbt.o
  CC      lib/extable.o
  CC      lib/find_next_bit.o
  CC      drivers/media/rc/keymaps/rc-avermedia-m135a.o
  CC      kernel/irq/resend.o
  CC      fs/cifs/cifs_debug.o
  CC      lib/idr.o
  CC      drivers/hid/hid-tmff.o
  CC      drivers/media/rc/keymaps/rc-avermedia-m733a-rm-k6.o
  CC      kernel/irq/chip.o
  CC      sound/soc/soc-dapm.o
  CC      drivers/media/rc/keymaps/rc-avermedia-rm-ks.o
  CC      drivers/md/dm-target.o
  CC      drivers/hid/hid-topseed.o
  CC      drivers/media/rc/keymaps/rc-avertv-303.o
  CC      lib/int_sqrt.o
  CC      kernel/irq/dummychip.o
  CC      drivers/media/rc/keymaps/rc-azurewave-ad-tu700.o
  CC      drivers/hid/hid-twinhan.o
  CC      lib/ioremap.o
  CC      drivers/md/dm-linear.o
  CC      fs/cifs/connect.o
  CC      kernel/irq/devres.o
  CC      net/core/ethtool.o
  CC      drivers/media/rc/keymaps/rc-behold.o
  CC      lib/irq_regs.o
  CC      kernel/irq/autoprobe.o
  CC      drivers/hid/hid-uclogic.o
  CC      drivers/media/rc/keymaps/rc-behold-columbus.o
  CC      lib/is_single_threaded.o
  CC      drivers/md/dm-stripe.o
  CC      kernel/irq/proc.o
  CC      drivers/hid/hid-zpff.o
  CC      drivers/media/rc/keymaps/rc-budget-ci-old.o
  CC      lib/klist.o
  CC      drivers/media/rc/keymaps/rc-cinergy-1400.o
  CC      drivers/hid/hid-zydacron.o
  CC      lib/kobject.o
  CC      drivers/media/rc/keymaps/rc-cinergy.o
  CC      kernel/irq/pm.o
  CC      drivers/md/dm-ioctl.o
  CC      drivers/media/rc/keymaps/rc-dib0700-nec.o
  LD      kernel/irq/built-in.o
  CC      sound/soc/soc-jack.o
  CC      kernel/power/main.o
  CC      drivers/hid/hid-waltop.o
  CC      drivers/media/rc/keymaps/rc-dib0700-rc5.o
  CC      drivers/hid/usbhid/hid-core.o
  CC      lib/kobject_uevent.o
  CC      kernel/power/console.o
  CC      drivers/media/rc/keymaps/rc-digitalnow-tinytwin.o
  CC      sound/soc/soc-cache.o
  CC      drivers/media/rc/keymaps/rc-digittrade.o
  CC      kernel/power/process.o
  CC      drivers/media/rc/keymaps/rc-dm1105-nec.o
  CC      net/core/dev_addr_lists.o
  CC      lib/kref.o
  CC      drivers/media/rc/keymaps/rc-dntv-live-dvb-t.o
  CC      drivers/md/dm-io.o
  CC      lib/md5.o
  CC      kernel/power/suspend.o
  CC      drivers/media/rc/keymaps/rc-dntv-live-dvbt-pro.o
  CC      sound/soc/soc-utils.o
  CC      drivers/media/rc/keymaps/rc-em-terratec.o
  CC      lib/plist.o
  CC      net/core/dst.o
  CC      kernel/power/wakelock.o
  CC      lib/prio_heap.o
  CC      drivers/media/rc/keymaps/rc-encore-enltv2.o
  CC      drivers/hid/usbhid/hid-quirks.o
  CC      drivers/md/dm-kcopyd.o
  LD      sound/soc/atmel/built-in.o
  LD      sound/soc/au1x/built-in.o
  LD      sound/soc/blackfin/built-in.o
  CC      sound/soc/codecs/rockchip-hdmi-codec.o
  CC      lib/prio_tree.o
  CC      drivers/media/rc/keymaps/rc-encore-enltv.o
  LD      drivers/hid/usbhid/usbhid.o
  LD      drivers/hid/usbhid/built-in.o
  LD      drivers/hid/hid.o
  LD      drivers/hid/built-in.o
  CC      drivers/mfd/tps65910.o
  CC      drivers/media/rc/keymaps/rc-encore-enltv-fm53.o
  LD      sound/soc/codecs/snd-soc-rockchip-hdmi.o
  LD      sound/soc/codecs/built-in.o
  LD      sound/soc/davinci/built-in.o
  LD      sound/soc/ep93xx/built-in.o
  LD      sound/soc/fsl/built-in.o
  LD      sound/soc/imx/built-in.o
  LD      sound/soc/jz4740/built-in.o
  CC      lib/proportions.o
  LD      sound/soc/kirkwood/built-in.o
  LD      sound/soc/mid-x86/built-in.o
  LD      sound/soc/nuc900/built-in.o
  CC      net/core/netevent.o
  LD      sound/soc/omap/built-in.o
  CC      fs/cifs/dir.o
  LD      sound/soc/pxa/built-in.o
  CC      sound/soc/rk29/rockchip-hdmi-card.o
  CC      drivers/media/rc/keymaps/rc-evga-indtube.o
  CC      drivers/md/dm-sysfs.o
  CC      kernel/power/userwakelock.o
  CC      drivers/mfd/tps65910-irq.o
  CC      drivers/media/rc/keymaps/rc-eztv.o
  CC      lib/radix-tree.o
  CC      net/core/neighbour.o
  CC      sound/soc/rk29/rk30_i2s.o
  CC      drivers/md/dm-crypt.o
  CC      drivers/media/rc/keymaps/rc-flydvb.o
  CC      drivers/mfd/mfd-core.o
  CC      kernel/power/earlysuspend.o
  CC      drivers/media/rc/keymaps/rc-flyvideo.o
  CC      drivers/media/rc/keymaps/rc-fusionhdtv-mce.o
  LD      drivers/mfd/built-in.o
  CC      net/ethernet/eth.o
  CC      fs/cifs/file.o
  CC      sound/soc/rk29/rk29_pcm.o
  CC      kernel/power/fbearlysuspend.o
  CC      drivers/media/rc/keymaps/rc-gadmei-rm008z.o
  CC      lib/ratelimit.o
  CC      drivers/media/rc/keymaps/rc-genius-tvgo-a11mce.o
  CC      lib/rbtree.o
  CC      kernel/power/suspend_time.o
  CC      drivers/media/rc/keymaps/rc-gotview7135.o
  LD      net/ethernet/built-in.o
  LD      sound/soc/rk29/snd-soc-rockchip.o
  CC      net/ipv4/route.o
  LD      sound/soc/rk29/snd-soc-rockchip-i2s.o
  LD      sound/soc/rk29/snd-soc-hdmi.o
  LD      sound/soc/rk29/built-in.o
  CC      kernel/power/poweroff.o
  LD      sound/soc/s6000/built-in.o
  LD      sound/soc/samsung/built-in.o
  LD      sound/soc/sh/built-in.o
  LD      sound/soc/tegra/built-in.o
  LD      sound/soc/txx9/built-in.o
  LD      sound/soc/snd-soc-core.o
  LD      sound/soc/built-in.o
  LD      sound/sparc/built-in.o
  CC      lib/reciprocal_div.o
  LD      sound/spi/built-in.o
  CC      drivers/media/rc/keymaps/rc-imon-mce.o
  LD      kernel/power/built-in.o
  LD      sound/synth/built-in.o
  CC      sound/usb/card.o
  CC      kernel/time/timekeeping.o
  CC      lib/rwsem-spinlock.o
  CC      drivers/media/rc/keymaps/rc-imon-pad.o
  LD      drivers/md/dm-mod.o
  LD      drivers/md/built-in.o
  CC      drivers/misc/pmem.o
  CC      lib/sha1.o
  CC      drivers/media/rc/keymaps/rc-iodata-bctv7e.o
  CC      drivers/media/rc/keymaps/rc-kaiomy.o
  CC      lib/show_mem.o
  CC      drivers/media/rc/keymaps/rc-kworld-315u.o
  CC      sound/usb/mixer.o
  CC      lib/string.o
  CC      drivers/media/rc/keymaps/rc-kworld-plus-tv-analog.o
  CC      kernel/time/ntp.o
  CC      net/core/rtnetlink.o
  CC      drivers/media/rc/keymaps/rc-leadtek-y04g0051.o
  CC      lib/timerqueue.o
  CC      drivers/misc/uid_stat.o
  CC      drivers/media/rc/keymaps/rc-lirc.o
  CC      lib/vsprintf.o
  CC      kernel/time/clocksource.o
  CC      fs/cifs/inode.o
  LD      drivers/misc/carma/built-in.o
  LD      drivers/misc/cb710/built-in.o
  CC      drivers/media/rc/keymaps/rc-lme2510.o
  LD      drivers/misc/eeprom/built-in.o
  LD      drivers/misc/inv_mpu/accel/built-in.o
  LD      drivers/misc/inv_mpu/compass/built-in.o
  LD      drivers/misc/inv_mpu/pressure/built-in.o
  LD      drivers/misc/inv_mpu/built-in.o
  LD      drivers/misc/lis3lv02d/built-in.o
  LD      drivers/misc/ti-st/built-in.o
  CC      drivers/misc/apanic.o
  CC      drivers/media/rc/keymaps/rc-manli.o
  CC      drivers/media/rc/keymaps/rc-msi-digivox-ii.o
  CC      kernel/time/jiffies.o
  CC      kernel/time/timer_list.o
  CC      drivers/media/rc/keymaps/rc-msi-digivox-iii.o
  LD      drivers/misc/built-in.o
  CC      drivers/mmc/card/block.o
  CC      net/ipv4/inetpeer.o
  CC      sound/usb/mixer_quirks.o
  CC      drivers/media/rc/keymaps/rc-msi-tvanywhere.o
  CC      drivers/media/rc/keymaps/rc-msi-tvanywhere-plus.o
  CC      net/core/utils.o
  CC      kernel/time/timecompare.o
  CC      drivers/media/rc/keymaps/rc-nebula.o
  GEN     lib/crc32table.h
  AR      lib/lib.a
  CC      lib/crc32.o
  CC      sound/usb/proc.o
  CC      net/ipv4/protocol.o
  CC      drivers/media/rc/keymaps/rc-nec-terratec-cinergy-xs.o
  CC      kernel/time/timeconv.o
  LD      lib/built-in.o
  CC      fs/debugfs/inode.o
  CC      drivers/media/rc/keymaps/rc-norwood.o
  CC      kernel/time/posix-clock.o
  CC      drivers/mmc/card/queue.o
  CC      net/core/link_watch.o
  CC      sound/usb/quirks.o
  CC      net/ipv4/ip_input.o
  CC      drivers/media/rc/keymaps/rc-npgtech.o
  CC      fs/cifs/link.o
  CC      drivers/media/rc/keymaps/rc-pctv-sedna.o
  CC      fs/debugfs/file.o
  CC      kernel/time/clockevents.o
  LD      drivers/mmc/card/mmc_block.o
  LD      drivers/mmc/card/built-in.o
  CC      drivers/mmc/core/core.o
  CC      drivers/media/rc/keymaps/rc-pinnacle-color.o
  CC      net/core/filter.o
  CC      sound/usb/format.o
  CC      drivers/media/rc/keymaps/rc-pinnacle-grey.o
  CC      kernel/time/tick-common.o
  CC      net/ipv4/ip_fragment.o
  LD      fs/debugfs/debugfs.o
  LD      fs/debugfs/built-in.o
  CC      drivers/media/rc/keymaps/rc-pinnacle-pctv-hd.o
  CC      fs/devpts/inode.o
  CC      fs/cifs/misc.o
  CC      drivers/media/rc/keymaps/rc-pixelview.o
  CC      sound/usb/endpoint.o
  CC      kernel/time/tick-broadcast.o
  CC      drivers/media/rc/keymaps/rc-pixelview-mk12.o
  CC      net/core/flow.o
  LD      fs/devpts/devpts.o
  LD      fs/devpts/built-in.o
  CC      fs/ext2/balloc.o
  CC      drivers/media/rc/keymaps/rc-pixelview-002t.o
  CC      sound/usb/urb.o
  CC      kernel/time/tick-oneshot.o
  CC      drivers/media/rc/keymaps/rc-pixelview-new.o
  CC      net/ipv4/ip_forward.o
  CC      drivers/mmc/core/bus.o
  CC      fs/cifs/netmisc.o
  CC      drivers/media/rc/keymaps/rc-powercolor-real-angel.o
  CC      net/core/net-sysfs.o
  CC      kernel/time/tick-sched.o
  CC      drivers/media/rc/keymaps/rc-proteus-2309.o
  CC      drivers/mmc/core/host.o
  CC      fs/ext2/dir.o
  CC      drivers/media/rc/keymaps/rc-purpletv.o
  CC      net/ipv4/ip_options.o
  CC      sound/usb/pcm.o
  CC      drivers/media/rc/keymaps/rc-pv951.o
  CC      fs/cifs/smbencrypt.o
  CC      drivers/mmc/core/mmc.o
  CC      kernel/time/timer_stats.o
  CC      drivers/media/rc/keymaps/rc-hauppauge.o
  CC      drivers/media/rc/keymaps/rc-rc6-mce.o
  LD      kernel/time/built-in.o
  CC      kernel/futex.o
  CC      fs/ext2/file.o
  CC      drivers/media/rc/keymaps/rc-real-audio-220-32-keys.o
  CC      fs/cifs/transport.o
  CC      sound/usb/helper.o
  CC      fs/ext2/ialloc.o
  CC      drivers/media/rc/keymaps/rc-streamzap.o
  CC      net/ipv4/ip_output.o
  CC      drivers/mmc/core/mmc_ops.o
  CC      net/core/fib_rules.o
  CC      drivers/media/rc/keymaps/rc-tbs-nec.o
  CC      sound/usb/clock.o
  CC      drivers/media/rc/keymaps/rc-technisat-usb2.o
  CC      fs/ext2/inode.o
  CC      drivers/media/rc/keymaps/rc-terratec-cinergy-xs.o
  CC      drivers/mmc/core/sd.o
  CC      sound/usb/midi.o
  CC      drivers/media/rc/keymaps/rc-terratec-slim.o
  CC      fs/cifs/asn1.o
  CC      drivers/media/rc/keymaps/rc-terratec-slim-2.o
  LD      net/core/built-in.o
  CC      net/ipv6/af_inet6.o
  CC      drivers/media/rc/keymaps/rc-tevii-nec.o
  CC      kernel/rtmutex.o
  CC      drivers/media/rc/keymaps/rc-tivo.o
  CC      drivers/mmc/core/sd_ops.o
  CC      drivers/media/rc/keymaps/rc-total-media-in-hand.o
  CC      fs/cifs/cifs_unicode.o
  CC      fs/ext2/ioctl.o
  CC      drivers/media/rc/keymaps/rc-trekstor.o
  CC      kernel/smp.o
  CC      drivers/mmc/core/sdio.o
  CC      drivers/media/rc/keymaps/rc-tt-1500.o
  CC      net/ipv4/ip_sockglue.o
  CC      fs/ext2/namei.o
  LD      sound/usb/6fire/built-in.o
  LD      sound/usb/caiaq/built-in.o
  CC      drivers/media/rc/keymaps/rc-twinhan1027.o
  LD      sound/usb/misc/built-in.o
  LD      sound/usb/usx2y/built-in.o
  CC      fs/cifs/nterr.o
  LD      sound/usb/snd-usb-audio.o
  LD      sound/usb/snd-usbmidi-lib.o
  LD      sound/usb/built-in.o
  CC      sound/last.o
  CC      net/ipv6/anycast.o
  CC      kernel/spinlock.o
  CC      fs/cifs/xattr.o
  CC      drivers/media/rc/keymaps/rc-videomate-m1f.o
  LD      sound/soundcore.o
  LD      sound/built-in.o
  CC      fs/ext3/balloc.o
  CC      fs/ext2/super.o
  CC      drivers/media/rc/keymaps/rc-videomate-s350.o
  CC      drivers/mmc/core/sdio_ops.o
  CC      drivers/media/rc/keymaps/rc-videomate-tv-pvr.o
  CC      fs/cifs/cifsencrypt.o
  CC      kernel/uid16.o
  CC      net/ipv6/ip6_output.o
  CC      drivers/media/rc/keymaps/rc-winfast.o
  CC      drivers/mmc/core/sdio_bus.o
  CC      drivers/media/rc/keymaps/rc-winfast-usbii-deluxe.o
  CC      net/ipv4/inet_hashtables.o
  CC      kernel/module.o
  LD      drivers/media/rc/keymaps/built-in.o
  CC      drivers/mmc/core/sdio_cis.o
  CC      drivers/media/rc/rc-main.o
  CC      fs/ext2/symlink.o
  LD      fs/ext2/ext2.o
  LD      fs/ext2/built-in.o
  CC      fs/cifs/readdir.o
  CC      fs/ext4/balloc.o
  CC      drivers/mmc/core/sdio_io.o
  CC      fs/ext3/bitmap.o
  CC      fs/ext3/dir.o
  CC      net/ipv4/inet_timewait_sock.o
  CC      drivers/media/rc/ir-raw.o
  CC      drivers/mmc/core/sdio_irq.o
  CC      fs/ext4/bitmap.o
  CC      fs/ext3/file.o
  CC      drivers/mmc/core/quirks.o
  CC      drivers/media/rc/lirc_dev.o
  CC      fs/cifs/ioctl.o
  CC      fs/ext4/dir.o
  CC      drivers/mmc/core/debugfs.o
  CC      net/ipv4/inet_connection_sock.o
  CC      fs/ext3/fsync.o
  CC      fs/cifs/sess.o
  LD      drivers/mmc/core/mmc_core.o
  CC      fs/ext3/ialloc.o
  LD      drivers/mmc/core/built-in.o
  CC      drivers/mmc/host/rk29_sdmmc.o
  CC      fs/ext4/file.o
  CC      kernel/kallsyms.o
  CC      drivers/media/rc/ir-nec-decoder.o
  CC      net/ipv6/ip6_input.o
  CC      drivers/media/rc/ir-rc5-decoder.o
  CC      fs/ext4/fsync.o
  CC      net/ipv4/tcp.o
  CC      fs/ext3/inode.o
  CC      kernel/acct.o
  CC      drivers/media/rc/ir-rc6-decoder.o
  CC      fs/ext4/ialloc.o
  CC      fs/cifs/export.o
  CC      net/ipv6/addrconf.o
  CC      drivers/media/rc/ir-jvc-decoder.o
  CC      kernel/cgroup.o
  LD      fs/cifs/cifs.o
  LD      fs/cifs/built-in.o
  CC      fs/fat/cache.o
  CC      drivers/media/rc/ir-sony-decoder.o
  LD      drivers/mmc/host/built-in.o
  LD      drivers/mmc/built-in.o
  CC      drivers/media/video/v4l2-dev.o
  CC      drivers/media/rc/ir-rc5-sz-decoder.o
  CC      fs/fat/dir.o
  CC      drivers/media/rc/ir-lirc-codec.o
  CC      fs/ext4/inode.o
  CC      drivers/media/video/v4l2-ioctl.o
  CC      fs/ext3/ioctl.o
  LD      drivers/media/rc/rc-core.o
  LD      drivers/media/rc/built-in.o
  CC      net/key/af_key.o
  CC      fs/ext3/namei.o
  CC      net/ipv4/tcp_input.o
  CC      fs/fat/fatent.o
  CC      fs/fat/file.o
  CC      net/ipv6/addrlabel.o
  CC      kernel/cgroup_freezer.o
  CC      fs/ext3/super.o
  CC      fs/fat/inode.o
  CC      kernel/cpuset.o
  CC      drivers/media/video/v4l2-device.o
  CC      net/ipv6/route.o
  CC      drivers/media/video/v4l2-fh.o
  LD      net/key/built-in.o
  CC      net/llc/llc_core.o
  CC      drivers/media/video/v4l2-event.o
  CC      net/llc/llc_input.o
  CC      fs/ext4/page-io.o
  CC      fs/fat/misc.o
  CC      drivers/media/video/v4l2-ctrls.o
  CC      kernel/utsname.o
  CC      net/llc/llc_output.o
  CC      fs/ext3/symlink.o
  CC      kernel/user_namespace.o
  CC      fs/fat/namei_vfat.o
  CC      fs/ext4/ioctl.o
  LD      net/llc/llc.o
  LD      net/llc/built-in.o
  CC      kernel/pid_namespace.o
  CC      net/mac80211/main.o
  CC      fs/ext3/hash.o
  GZIP    kernel/config_data.gz
  CC      fs/ext3/resize.o
  CC      kernel/res_counter.o
  CC      fs/ext4/namei.o
  CC      net/ipv6/ip6_fib.o
  CC      kernel/stop_machine.o
  CC      drivers/media/video/v4l2-subdev.o
  LD      fs/fat/fat.o
  LD      fs/fat/vfat.o
  LD      fs/fat/built-in.o
  CC      drivers/mtd/mtdcore.o
  CC      net/mac80211/status.o
  CC      net/ipv4/tcp_output.o
  CC      drivers/media/video/v4l2-int-device.o
  CC      kernel/hung_task.o
  CC      drivers/media/video/v4l2-common.o
  CC      fs/ext3/ext3_jbd.o
  CC      kernel/rcutree.o
  CC      drivers/mtd/mtdsuper.o
  CC      net/mac80211/sta_info.o
  CC      fs/ext3/xattr.o
  CC      net/ipv6/ipv6_sockglue.o
  CC      drivers/mtd/mtdconcat.o
  LD      drivers/media/video/davinci/built-in.o
  LD      drivers/media/video/gspca/built-in.o
  CC      drivers/media/video/uvc/uvc_driver.o
  CC      fs/ext4/super.o
  CC      net/mac80211/wep.o
  CC      drivers/mtd/mtdpart.o
  CC      fs/ext3/xattr_user.o
  CC      net/ipv6/ndisc.o
  CC      kernel/utsname_sysctl.o
  CC      fs/ext3/xattr_trusted.o
  CC      net/mac80211/wpa.o
  CC      kernel/elfcore.o
  CC      net/ipv4/tcp_timer.o
  CC      kernel/sched_cpupri.o
  LD      fs/ext3/ext3.o
  LD      fs/ext3/built-in.o
  CC      fs/fuse/dev.o
  CC      drivers/mtd/cmdlinepart.o
  CC      kernel/irq_work.o
  CC      drivers/media/video/uvc/uvc_queue.o
  CC      net/mac80211/scan.o
  CC      drivers/mtd/mtdchar.o
  CC      kernel/cpu_pm.o
  CC      kernel/time.o
  CC      net/ipv4/tcp_ipv4.o
  CC      drivers/media/video/uvc/uvc_v4l2.o
  IKCFG   kernel/config_data.h
  CC      kernel/configs.o
  CC      net/ipv6/udp.o
  CC      net/mac80211/offchannel.o
  CC      drivers/mtd/mtd_blkdevs.o
  LD      kernel/built-in.o
  CC      drivers/net/mii.o
  CC      fs/fuse/dir.o
  CC      net/mac80211/ht.o
  CC      drivers/media/video/uvc/uvc_video.o
  CC      drivers/mtd/mtdblock.o
  LD      drivers/net/arm/built-in.o
  CC      drivers/net/eth_mac/eth_mac.o
  CC      fs/ext4/symlink.o
  CC      net/mac80211/agg-tx.o
  LD      drivers/net/eth_mac/built-in.o
  CC      drivers/mtd/chips/chipreg.o
  CC      drivers/net/phy/phy.o
  CC      fs/ext4/hash.o
  LD      drivers/mtd/chips/built-in.o
  LD      drivers/mtd/devices/built-in.o
  LD      drivers/mtd/lpddr/built-in.o
  LD      drivers/mtd/maps/built-in.o
  CC      drivers/mtd/nand/nand_ids.o
  CC      fs/fuse/file.o
  CC      net/ipv4/tcp_minisocks.o
  LD      drivers/mtd/nand/built-in.o
  LD      drivers/mtd/onenand/built-in.o
  CC      drivers/mtd/rknand/rknand_base_ko.o
  CC      fs/ext4/resize.o
  CC      drivers/media/video/uvc/uvc_ctrl.o
  CC      drivers/net/phy/phy_device.o
  CC      net/mac80211/agg-rx.o
  CC      net/ipv6/udplite.o
  LD      drivers/mtd/rknand/built-in.o
  LD      drivers/mtd/tests/built-in.o
  LD      drivers/mtd/mtd.o
  LD      drivers/mtd/built-in.o
  LD      drivers/nfc/built-in.o
  LD      drivers/platform/built-in.o
  CC      drivers/power/power_supply_core.o
  CC      net/mac80211/ibss.o
  CC      net/ipv4/tcp_cong.o
  CC      net/ipv6/raw.o
  CC      drivers/power/power_supply_sysfs.o
  CC      drivers/net/phy/mdio_bus.o
  CC      drivers/media/video/uvc/uvc_status.o
  CC      drivers/power/test_power.o
  CC      fs/ext4/extents.o
  LD      drivers/net/phy/libphy.o
  LD      drivers/power/power_supply.o
  LD      drivers/net/phy/built-in.o
  LD      drivers/power/built-in.o
  CC      drivers/net/usb/usbnet.o
  CC      drivers/regulator/core.o
  CC      drivers/media/video/uvc/uvc_isight.o
  CC      fs/fuse/inode.o
  CC      net/ipv4/datagram.o
  CC      net/mac80211/mlme.o
  LD      drivers/media/video/uvc/uvcvideo.o
  LD      drivers/media/video/uvc/built-in.o
  CC      drivers/media/video/ir-kbd-i2c.o
  CC      net/ipv4/raw.o
  CC      net/ipv6/protocol.o
  LD      drivers/media/video/videodev.o
  LD      drivers/media/video/built-in.o
  LD      drivers/media/built-in.o
  CC      net/netfilter/core.o
  CC      fs/fuse/control.o
  CC      net/ipv6/icmp.o
  CC      drivers/net/usb/qf9700.o
  LD      fs/fuse/fuse.o
  LD      fs/fuse/built-in.o
  CC      fs/jbd/transaction.o
  CC      net/netfilter/nf_log.o
  CC      net/ipv4/udp.o
  CC      drivers/regulator/dummy.o
  CC      drivers/net/usb/sr9600.o
  CC      net/mac80211/work.o
  CC      drivers/regulator/rk30-pwm-regulator.o
  CC      net/netfilter/nf_queue.o
  CC      net/ipv6/mcast.o
  CC      fs/ext4/ext4_jbd2.o
  CC      drivers/regulator/tps65910-regulator.o
  LD      drivers/net/usb/built-in.o
  LD      drivers/net/wireless/built-in.o
  LD      drivers/net/wireless/rt2x00/built-in.o
  LD      drivers/net/wireless/rtlwifi/built-in.o
  LD      drivers/net/wireless/rtlwifi/rtl8192c/built-in.o
  LD      drivers/net/wireless/rtlwifi/rtl8192cu/built-in.o
  LD      drivers/net/wireless/rtlwifi/rtl8192se/built-in.o
  LD      drivers/net/wireless/zd1211rw/built-in.o
  CC      drivers/net/Space.o
  CC      fs/ext4/migrate.o
  CC      net/netfilter/nf_sockopt.o
  CC      fs/jbd/commit.o
  CC      net/mac80211/iface.o
  CC      drivers/net/loopback.o
  LD      drivers/regulator/built-in.o
  CC      drivers/rtc/rtc-lib.o
  CC      net/netfilter/nf_conntrack_core.o
  CC      drivers/rtc/hctosys.o
  CC      fs/ext4/mballoc.o
  CC      drivers/net/ppp_generic.o
  CC      drivers/rtc/class.o
  CC      fs/jbd/recovery.o
  CC      net/ipv4/udplite.o
  CC      drivers/rtc/interface.o
  CC      net/mac80211/rate.o
  CC      net/ipv4/arp.o
  CC      fs/jbd/checkpoint.o
  CC      net/ipv6/reassembly.o
  CC      drivers/rtc/rtc-dev.o
  CC      net/mac80211/michael.o
  CC      net/netfilter/nf_conntrack_standalone.o
  CC      net/mac80211/tkip.o
  CC      fs/jbd/revoke.o
  CC      drivers/rtc/rtc-proc.o
  CC      drivers/rtc/rtc-sysfs.o
  CC      net/ipv4/icmp.o
  CC      drivers/net/ppp_async.o
  CC      net/netfilter/nf_conntrack_expect.o
  CC      net/mac80211/aes_ccm.o
  CC      fs/jbd/journal.o
  CC      net/ipv6/tcp_ipv6.o
  CC      drivers/rtc/alarm.o
  CC      net/mac80211/aes_cmac.o
  CC      drivers/rtc/alarm-dev.o
  CC      drivers/net/ppp_synctty.o
  CC      net/mac80211/cfg.o
  CC      net/netfilter/nf_conntrack_helper.o
  CC      net/ipv4/devinet.o
  CC      drivers/rtc/rtc-tps65910.o
  LD      fs/jbd/jbd.o
  LD      fs/jbd/built-in.o
  CC      fs/jbd2/transaction.o
  CC      drivers/net/ppp_deflate.o
  CC      net/netfilter/nf_conntrack_proto.o
  CC      fs/ext4/block_validity.o
  LD      drivers/rtc/rtc-core.o
  LD      drivers/rtc/built-in.o
  CC      drivers/scsi/scsi.o
  CC      net/ipv6/exthdrs.o
  CC      drivers/net/bsd_comp.o
  CC      fs/ext4/move_extent.o
  CC      net/netfilter/nf_conntrack_l3proto_generic.o
  CC      net/mac80211/rx.o
  CC      drivers/net/ppp_mppe.o
  CC      drivers/scsi/hosts.o
  CC      net/ipv4/af_inet.o
  CC      net/netfilter/nf_conntrack_proto_generic.o
  CC      fs/jbd2/commit.o
  CC      net/netfilter/nf_conntrack_proto_tcp.o
  CC      drivers/net/pppox.o
  CC      net/ipv6/datagram.o
  CC      drivers/scsi/scsi_ioctl.o
  CC      fs/ext4/mmp.o
  CC      drivers/net/pppolac.o
  CC      drivers/scsi/constants.o
  CC      fs/ext4/xattr.o
  CC      fs/jbd2/recovery.o
  CC      net/ipv6/ip6_flowlabel.o
  CC      net/ipv4/igmp.o
  CC      drivers/net/pppopns.o
  CC      net/netfilter/nf_conntrack_proto_udp.o
  CC      drivers/scsi/scsicam.o
  CC      net/mac80211/spectmgmt.o
  CC      fs/jbd2/checkpoint.o
  CC      drivers/scsi/scsi_error.o
  CC      net/netfilter/nf_conntrack_extend.o
  CC      net/mac80211/tx.o
  CC      drivers/net/slhc.o
  CC      fs/ext4/xattr_user.o
  CC      net/ipv6/inet6_connection_sock.o
  CC      net/netfilter/nf_conntrack_acct.o
  CC      fs/jbd2/revoke.o
  CC      fs/ext4/xattr_trusted.o
  CC      net/netfilter/nf_conntrack_ecache.o
  CC      net/ipv6/sysctl_net_ipv6.o
  LD      drivers/net/built-in.o
  LD      drivers/smc/built-in.o
  CC      drivers/scsi/scsi_lib.o
  CC      fs/ext4/acl.o
  CC      drivers/staging/staging.o
  CC      fs/jbd2/journal.o
  CC      drivers/staging/android/binder.o
  CC      net/netfilter/nf_conntrack_h323_main.o
  CC      net/ipv6/xfrm6_policy.o
  CC      net/ipv4/fib_frontend.o
  CC      fs/ext4/xattr_security.o
  CC      net/mac80211/key.o
  CC      net/ipv6/xfrm6_state.o
  LD      fs/ext4/ext4.o
  LD      fs/ext4/built-in.o
  CC      fs/nls/nls_base.o
  CC      fs/nls/nls_cp437.o
  CC      net/mac80211/util.o
  CC      drivers/scsi/scsi_lib_dma.o
  CC      fs/nls/nls_cp936.o
  CC      net/ipv4/fib_semantics.o
  CC      net/ipv6/xfrm6_input.o
  CC      net/netfilter/nf_conntrack_h323_asn1.o
  CC      drivers/scsi/scsi_scan.o
  LD      fs/jbd2/jbd2.o
  LD      fs/jbd2/built-in.o
  CC      fs/notify/fsnotify.o
  CC      net/ipv6/xfrm6_output.o
  CC      net/netfilter/nfnetlink.o
  CC      fs/notify/notification.o
  CC      fs/nls/nls_ascii.o
  CC      fs/nls/nls_iso8859-1.o
  CC      net/mac80211/wme.o
  CC      net/ipv4/fib_trie.o
  CC      net/ipv6/netfilter.o
  CC      fs/nls/nls_iso8859-15.o
  CC      fs/notify/group.o
  CC      net/netfilter/nfnetlink_queue.o
  CC      fs/nls/nls_utf8.o
  CC      drivers/scsi/scsi_sysfs.o
  CC      fs/notify/inode_mark.o
  LD      fs/nls/built-in.o
  CC      fs/partitions/check.o
  CC      net/mac80211/event.o
  CC      net/ipv6/fib6_rules.o
  CC      fs/notify/mark.o
  CC      drivers/staging/android/logger.o
  CC      net/mac80211/chan.o
  CC      net/netfilter/nfnetlink_log.o
  CC      fs/notify/vfsmount_mark.o
  CC      drivers/scsi/scsi_devinfo.o
  CC      fs/partitions/msdos.o
  CC      net/ipv6/proc.o
  LD      drivers/staging/android/built-in.o
  LD      drivers/staging/generic_serial/built-in.o
  CC      drivers/staging/rk29/ipp/rk29-ipp-stub.o
  CC      net/mac80211/pm.o
  LD      fs/notify/dnotify/built-in.o
  LD      drivers/staging/rk29/ipp/built-in.o
  LD      fs/notify/fanotify/built-in.o
  LD      drivers/staging/tty/built-in.o
  CC      fs/notify/inotify/inotify_fsnotify.o
  LD      drivers/staging/built-in.o
  CC      drivers/switch/switch_class.o
  CC      fs/notify/inotify/inotify_user.o
  CC      drivers/switch/switch_gpio.o
  CC      drivers/scsi/scsi_sysctl.o
  CC      net/mac80211/rc80211_minstrel.o
  CC      net/ipv6/ah6.o
  CC      fs/partitions/efi.o
  CC      net/ipv4/inet_fragment.o
  CC      drivers/scsi/scsi_proc.o
  LD      drivers/switch/built-in.o
  CC      drivers/tty/tty_io.o
  LD      net/netfilter/nf_conntrack.o
  CC      net/netfilter/nf_conntrack_proto_dccp.o
  LD      fs/notify/inotify/built-in.o
  LD      fs/notify/built-in.o
  CC      fs/proc/mmu.o
  CC      net/ipv4/ping.o
  CC      drivers/scsi/scsi_trace.o
  CC      net/mac80211/rc80211_minstrel_ht.o
  CC      fs/proc/task_mmu.o
  LD      fs/partitions/built-in.o
  LD      fs/quota/built-in.o
  CC      fs/ramfs/inode.o
  CC      net/ipv6/esp6.o
  CC      drivers/scsi/scsi_pm.o
  CC      net/netfilter/nf_conntrack_proto_gre.o
  CC      fs/ramfs/file-mmu.o
  CC      drivers/scsi/sd.o
  LD      fs/ramfs/ramfs.o
  LD      fs/ramfs/built-in.o
  LD      fs/reiserfs/built-in.o
  CC      fs/sysfs/inode.o
  CC      fs/proc/inode.o
  CC      net/ipv4/sysctl_net_ipv4.o
  CC      net/netfilter/nf_conntrack_proto_sctp.o
  LD      net/mac80211/mac80211.o
  LD      net/mac80211/built-in.o
  CC      net/netlink/af_netlink.o
  CC      net/ipv6/ipcomp6.o
  CC      fs/sysfs/file.o
  CC      fs/proc/root.o
  CC      drivers/tty/n_tty.o
  CC      net/ipv4/sysfs_net_ipv4.o
  CC      net/netfilter/nf_conntrack_proto_udplite.o
  CC      net/ipv6/xfrm6_tunnel.o
  CC      fs/proc/base.o
  CC      fs/sysfs/dir.o
  CC      net/ipv4/proc.o
  CC      net/netfilter/nf_conntrack_netlink.o
  CC      net/ipv6/tunnel6.o
  CC      fs/sysfs/symlink.o
  CC      net/netlink/genetlink.o
  CC      net/ipv4/fib_rules.o
  CC      drivers/tty/tty_ioctl.o
  CC      net/ipv6/xfrm6_mode_transport.o
  CC      fs/sysfs/mount.o
  LD      drivers/scsi/arm/built-in.o
  LD      drivers/scsi/sd_mod.o
  LD      drivers/scsi/scsi_mod.o
  LD      drivers/scsi/built-in.o
  CC      drivers/usb/core/usb.o
  CC      fs/sysfs/bin.o
  CC      net/ipv6/xfrm6_mode_tunnel.o
  CC      net/ipv4/esp4.o
  CC      fs/proc/generic.o
  CC      drivers/tty/tty_ldisc.o
  CC      drivers/usb/core/hub.o
  CC      fs/sysfs/group.o
  LD      net/netlink/built-in.o
  CC      net/packet/af_packet.o
  CC      net/ipv6/xfrm6_mode_beet.o
  CC      net/netfilter/nf_conntrack_amanda.o
  LD      fs/sysfs/built-in.o
  CC      fs/eventpoll.o
  CC      fs/proc/array.o
  CC      drivers/tty/tty_buffer.o
  CC      net/ipv4/tunnel4.o
  CC      net/ipv6/mip6.o
  CC      net/netfilter/nf_conntrack_ftp.o
  CC      drivers/tty/tty_port.o
  CC      fs/proc/proc_tty.o
  CC      net/ipv4/xfrm4_mode_transport.o
  CC      fs/anon_inodes.o
  CC      fs/proc/cmdline.o
  CC      net/ipv6/netfilter/ip6_tables.o
  CC      fs/signalfd.o
  CC      drivers/tty/tty_mutex.o
  CC      fs/proc/consoles.o
  CC      net/ipv4/xfrm4_mode_tunnel.o
  LD      net/netfilter/nf_conntrack_h323.o
  CC      net/netfilter/nf_conntrack_irc.o
  CC      drivers/tty/pty.o
  CC      fs/proc/cpuinfo.o
  CC      drivers/usb/core/hcd.o
  CC      fs/proc/devices.o
  CC      fs/timerfd.o
  LD      net/packet/built-in.o
  CC      net/phonet/pn_dev.o
  CC      fs/proc/interrupts.o
  CC      net/ipv4/netfilter.o
  CC      net/netfilter/nf_conntrack_broadcast.o
  CC      fs/proc/loadavg.o
  CC      drivers/tty/sysrq.o
  CC      fs/eventfd.o
  CC      fs/proc/meminfo.o
  CC      net/netfilter/nf_conntrack_netbios_ns.o
  CC      net/ipv4/netfilter/nf_nat_rule.o
  CC      net/phonet/pn_netlink.o
  CC      net/ipv6/netfilter/ip6table_filter.o
  CC      fs/proc/stat.o
  CC      fs/aio.o
  LD      drivers/tty/ipwireless/built-in.o
  CC      drivers/tty/serial/serial_core.o
  CC      net/netfilter/nf_conntrack_pptp.o
  CC      drivers/usb/core/urb.o
  CC      fs/proc/uptime.o
  CC      net/ipv4/netfilter/nf_nat_standalone.o
  CC      net/ipv6/netfilter/ip6table_mangle.o
  CC      net/phonet/socket.o
  CC      fs/proc/version.o
  CC      drivers/usb/core/message.o
  CC      fs/proc/softirqs.o
  CC      net/netfilter/nf_conntrack_sane.o
  CC      net/ipv6/netfilter/ip6table_raw.o
  CC      net/ipv4/netfilter/nf_conntrack_l3proto_ipv4_compat.o
  CC      fs/proc/namespaces.o
  CC      net/ipv6/netfilter/nf_conntrack_l3proto_ipv6.o
  CC      fs/locks.o
  CC      net/netfilter/nf_conntrack_sip.o
  CC      net/phonet/datagram.o
  CC      fs/proc/proc_sysctl.o
  CC      drivers/tty/serial/rk_serial.o
  CC      net/ipv4/netfilter/nf_conntrack_l3proto_ipv4.o
  CC      net/phonet/sysctl.o
  CC      net/ipv6/netfilter/nf_conntrack_proto_icmpv6.o
  CC      fs/proc/proc_net.o
  CC      drivers/usb/core/driver.o
  CC      net/phonet/af_phonet.o
  LD      drivers/tty/serial/built-in.o
  CC      drivers/tty/vt/vt_ioctl.o
  CC      net/ipv4/netfilter/nf_conntrack_proto_icmp.o
  CC      fs/proc/kmsg.o
  CC      net/ipv6/netfilter/nf_defrag_ipv6_hooks.o
  CC      fs/proc/page.o
  CC      drivers/usb/core/config.o
  CC      fs/binfmt_script.o
  CC      net/ipv4/netfilter/nf_nat_core.o
  CC      net/phonet/pep.o
  CC      net/netfilter/nf_conntrack_tftp.o
  LD      fs/proc/proc.o
  CC      net/ipv6/netfilter/nf_conntrack_reasm.o
  LD      fs/proc/built-in.o
  CC      fs/binfmt_elf.o
  CC      fs/mbcache.o
  CC      net/netfilter/nf_tproxy_core.o
  CC      drivers/tty/vt/vc_screen.o
  CC      drivers/usb/core/file.o
  CC      fs/posix_acl.o
  CC      net/ipv6/netfilter/ip6t_LOG.o
  CC      net/ipv4/netfilter/nf_nat_helper.o
  CC      drivers/usb/core/buffer.o
  CC      net/netfilter/x_tables.o
  CC      fs/xattr_acl.o
  CC      fs/generic_acl.o
  CC      net/phonet/pep-gprs.o
  CC      drivers/tty/vt/selection.o
  CC      drivers/tty/vt/keyboard.o
  CC      drivers/usb/core/sysfs.o
  LD      fs/built-in.o
  CC      drivers/video/fb_notify.o
  CC      drivers/tty/vt/consolemap.o
  CC      net/ipv6/netfilter/ip6t_REJECT.o
  LD      net/phonet/phonet.o
  LD      net/phonet/pn_pep.o
  LD      net/phonet/built-in.o
  CC      net/sched/sch_generic.o
  CC      net/ipv4/netfilter/nf_nat_proto_unknown.o
  CC      drivers/video/fbmem.o
  CC      drivers/usb/core/endpoint.o
  CC      net/ipv4/netfilter/nf_nat_proto_common.o
  CC      net/netfilter/xt_tcpudp.o
  CC      drivers/usb/core/devio.o
  LD      net/ipv6/netfilter/nf_conntrack_ipv6.o
  LD      net/ipv6/netfilter/nf_defrag_ipv6.o
  LD      net/ipv6/netfilter/built-in.o
  CC      net/ipv6/sit.o
  CONMK   drivers/tty/vt/consolemap_deftbl.c
  CC      drivers/tty/vt/vt.o
  SHIPPED drivers/tty/vt/defkeymap.c
  CC      drivers/usb/dwc_otg/dwc_otg_driver.o
  CC      net/ipv4/netfilter/nf_nat_proto_tcp.o
  CC      net/sched/sch_mq.o
  CC      net/netfilter/xt_mark.o
  CC      net/ipv4/netfilter/nf_nat_proto_udp.o
  CC      net/netfilter/xt_connmark.o
  CC      drivers/video/fbmon.o
  CC      net/sched/sch_api.o
  CC      net/ipv4/netfilter/nf_nat_proto_icm  CC      net/netfilter/xt_CLASSIFY.o
  CC      net/ipv6/ip6_tunnel.o
  CC      net/ipv4/netfilter/nf_defrag_ipv4.o
  CC      net/netfilter/xt_NFLOG.o
  CC      drivers/usb/core/notify.o
  CC      drivers/usb/dwc_otg/dwc_otg_cil.o
  CC      drivers/usb/core/generic.o
  CC      net/netfilter/xt_NFQUEUE.o
  CC      net/ipv4/netfilter/nf_nat_amanda.o
  CC      drivers/video/fbcmap.o
  CC      drivers/usb/core/quirks.o
  CC      drivers/usb/core/devices.o
  CC      net/netfilter/xt_TPROXY.o
  CC      net/sched/sch_blackhole.o
  CC      net/ipv4/netfilter/nf_nat_ftp.o
  CC      drivers/video/fbsysfs.o
  CC      net/sched/cls_api.o
  CC      net/ipv6/addrconf_core.o
  CC      net/ipv4/netfilter/nf_nat_h323.o
  LD      drivers/usb/core/usbcore.o
  LD      drivers/usb/core/built-in.o
  LD      drivers/usb/misc/built-in.o
  CC      drivers/usb/serial/usb-serial.o
  CC      drivers/video/modedb.o
  CC      net/netfilter/xt_TRACE.o
  CC      drivers/tty/vt/consolemap_deftbl.o
  CC      drivers/tty/vt/defkeymap.o
  CC      net/ipv6/exthdrs_core.o
  LD      drivers/tty/vt/built-in.o
  LD      drivers/tty/built-in.o
  CC      drivers/usb/dwc_otg/dwc_otg_cil_intr.o
  CC      net/unix/af_unix.o
  CC      net/netfilter/xt_comment.o
  CC      net/sched/act_api.o
  CC      drivers/video/fbcvt.o
  CC      net/ipv6/inet6_hashtables.o
  CC      net/ipv4/netfilter/nf_nat_irc.o
  CC      net/netfilter/xt_connbytes.o
  CC      drivers/usb/dwc_otg/dwc_otg_pcd.o
  CC      drivers/usb/dwc_otg/dwc_otg_pcd_intr.o
  CC      drivers/usb/dwc_otg/dwc_otg_hcd.o
  CC      drivers/video/backlight/backlight.o
  CC      net/netfilter/xt_connlimit.o
  CC      net/ipv4/netfilter/nf_nat_pptp.o
  CC      drivers/usb/serial/generic.o
  CC      drivers/video/backlight/rk29_backlight.o
  LD      net/ipv6/ipv6.o
  LD      net/ipv6/built-in.o
  CC      net/wireless/core.o
  CC      net/sched/act_police.o
  CC      net/ipv4/netfilter/nf_nat_sip.o
  LD      drivers/video/backlight/built-in.o
  CC      drivers/video/console/dummycon.o
  CC      net/netfilter/xt_conntrack.o
  CC      drivers/usb/serial/bus.o
  CC      drivers/video/console/fbcon.o
  CC      net/unix/garbage.o
  CC      net/sched/act_gact.o
  CC      drivers/usb/serial/option.o
  CC      net/netfilter/xt_hashlimit.o
  CC      drivers/usb/dwc_otg/dwc_otg_hcd_intr.o
  CC      net/ipv4/netfilter/nf_nat_tftp.o
  CC      net/sched/act_mirred.o
  CC      net/wireless/sysfs.o
  CC      drivers/usb/serial/usb_wwan.o
  CC      net/unix/sysctl_net_unix.o
  CC      net/ipv4/netfilter/nf_nat_proto_dccp.o
  CC      net/wireless/radiotap.o
  CC      net/sched/sch_fifo.o
  LD      net/unix/unix.o
  LD      net/unix/built-in.o
  CC      net/xfrm/xfrm_policy.o
  CC      net/netfilter/xt_helper.o
  CC      net/ipv4/netfilter/nf_nat_proto_gre.o
  CC      net/wireless/util.o
  LD      drivers/usb/serial/usbserial.o
  LD      drivers/usb/serial/built-in.o
  CC      drivers/usb/storage/scsiglue.o
  CC      drivers/usb/dwc_otg/dwc_otg_hcd_queue.o
  CC      net/sched/sch_htb.o
  CC      net/netfilter/xt_hl.o
  CC      net/ipv4/netfilter/nf_nat_proto_udplite.o
  CC      drivers/usb/storage/protocol.o
  LD      drivers/usb/dwc_otg/dwc_otg.o
  LD      drivers/usb/dwc_otg/built-in.o
  CC      net/ipv4/inet_diag.o
  CC      net/netfilter/xt_iprange.o
  CC      net/ipv4/netfilter/nf_nat_proto_sctp.o
  CC      drivers/usb/storage/transport.o
  CC      net/wireless/reg.o
  CC      net/netfilter/xt_length.o
  CC      drivers/video/console/bitblit.o
  CC      net/ipv4/netfilter/ip_tables.o
  CC      net/sched/sch_ingress.o
  CC      net/netfilter/xt_limit.o
  CC      net/ipv4/tcp_diag.o
  CC      drivers/usb/storage/usb.o
  CC      drivers/video/console/fonts.o
  CC      net/sched/cls_u32.o
  CC      net/netfilter/xt_mac.o
  CC      drivers/video/console/font_8x16.o
  CC      net/xfrm/xfrm_state.o
  CC      drivers/video/console/softcursor.o
  CC      net/ipv4/tcp_cubic.o
  CC      net/netfilter/xt_pkttype.o
  CC      net/wireless/scan.o
  LD      drivers/video/console/font.o
  LD      drivers/video/console/built-in.o
  CC      drivers/video/display/display-sys.o
  CC      drivers/usb/storage/initializers.o
  CC      net/ipv4/netfilter/iptable_filter.o
  CC      net/sched/ematch.o
  CC      net/netfilter/xt_policy.o
  LD      drivers/video/hdmi/built-in.o
  CC      drivers/video/logo/logo.o
  CC      drivers/usb/storage/sierra_ms.o
  CC      drivers/video/display/screen/lcd_1080p.o
  CC      net/ipv4/netfilter/iptable_mangle.o
  LOGO    drivers/video/logo/logo_linux_clut224.c
  LOGO    drivers/video/logo/logo_superh_mono.c
  LOGO    drivers/video/logo/logo_linux_mono.c
  LOGO    drivers/video/logo/logo_superh_vga16.c
  LOGO    drivers/video/logo/clut_vga16.c
  LOGO    drivers/video/logo/logo_linux_vga16.c
  LOGO    drivers/video/logo/logo_blackfin_vga16.c
  LOGO    drivers/video/logo/logo_charger02_clut224.c
  LOGO    drivers/video/logo/logo_spe_clut224.c
  LOGO    drivers/video/logo/logo_charger00_clut224.c
  LD      drivers/video/display/screen/built-in.o
  LD      drivers/video/display/tve/built-in.o
  LD      drivers/video/display/display.o
  CC      net/netfilter/xt_qtaguid_print.o
  CC      drivers/usb/storage/option_ms.o
  LD      drivers/video/display/built-in.o
  CC      net/sysctl_net.o
  CC      net/sched/em_u32.o
  LOGO    drivers/video/logo/logo_mac_clut224.c
  LOGO    drivers/video/logo/logo_superh_clut224.c
  LOGO    drivers/video/logo/logo_sun_clut224.c
  LOGO    drivers/video/logo/logo_charger05_clut224.c
  LD      net/ipv4/netfilter/iptable_nat.o
  CC      net/ipv4/netfilter/iptable_raw.o
  CC      net/wireless/nl80211.o
  LOGO    drivers/video/logo/logo_g3_clut224.c
  CC      drivers/usb/storage/usual-tables.o
  LD      net/sched/built-in.o
  CC      net/activity_stats.o
  CC      net/netfilter/xt_qtaguid.o
  CC      net/xfrm/xfrm_hash.o
  LOGO    drivers/video/logo/logo_charger08_clut224.c
  LD      drivers/usb/storage/usb-storage.o
  LD      drivers/usb/storage/built-in.o
  LD      drivers/usb/built-in.o
  CC      net/ipv4/netfilter/ipt  CC      net/xfrm/xfrm_output.o
  LD      drivers/video/omap2/displays/built-in.o
  LD      drivers/video/omap2/built-in.o
  CC      drivers/video/rockchip/rk_fb.o
  CC      net/ipv4/xfrm4_policy.o
  LOGO    drivers/video/logo/logo_charger07_clut224.c
  LOGO    drivers/video/logo/logo_charger04_clut224.c
  CC      net/ipv4/netfilter/ipt_ecn.o
  LOGO    drivers/video/logo/logo_parisc_clut224.c
  LOGO    drivers/video/logo/logo_blackfin_clut224.c
  LOGO    drivers/video/logo/logo_dec_clut224.c
  LOGO    drivers/video/logo/logo_charger01_clut224.c
  CC      net/xfrm/xfrm_algo.o
  CC      net/xfrm/xfrm_sysctl.o
  LOGO    drivers/video/logo/logo_charger03_clut224.c
  CC      net/ipv4/xfrm4_state.o
  CC      net/ipv4/netfilter/ipt_LOG.o
  LOGO    drivers/video/logo/logo_m32r_clut224.c
  LOGO    drivers/video/logo/logo_sgi_clut224.c
  LOGO    drivers/video/logo/logo_charger06_clut224.c
  CC      drivers/video/rockchip/rkfb_sysfs.o
  CC      drivers/video/logo/logo_linux_clut224.o
  CC      net/xfrm/xfrm_replay.o
  LD      drivers/video/logo/built-in.o
  CC      drivers/video/cfbfillrect.o
  CC      net/ipv4/xfrm4_input.o
  CC      net/xfrm/xfrm_ipcomp.o
  CC      drivers/video/rockchip/chips/rk30_lcdc.o
  CC      drivers/video/cfbcopyarea.o
  CC      net/ipv4/netfilter/ipt_MASQUERADE.o
  CC      net/ipv4/xfrm4_output.o
  CC      net/wireless/mlme.o
  LD      net/xfrm/built-in.o
  CC      net/wireless/ibss.o
  CC      net/netfilter/xt_quota.o
  CC      drivers/video/cfbimgblt.o
  CC      net/ipv4/netfilter/ipt_NETMAP.o
  CC      net/netfilter/xt_quota2.o
  CC      net/netfilter/xt_socket.o
  LD      drivers/video/fb.o
  CC      net/ipv4/netfilter/ipt_REDIRECT.o
  CC      drivers/video/rockchip/hdmi/rk30_hdmi_hw.o
  CC      net/ipv4/netfilter/ipt_REJECT.o
  CC      net/wireless/sme.o
  CC      net/netfilter/xt_state.o
  CC      drivers/video/rockchip/rga/rga_drv.o
  CC      net/ipv4/netfilter/arp_tables.o
  CC      net/ipv4/netfilter/arpt_mangle.o
  CC      net/netfilter/xt_statistic.o
  CC      net/ipv4/netfilter/arptable_filter.o
  CC      drivers/video/rockchip/hdmi/rk30_hdmi_edid.o
  CC      net/netfilter/xt_string.o
  CC      net/wireless/chan.o
  LD      net/ipv4/netfilter/nf_conntrack_ipv4.o
  LD      net/ipv4/netfilter/nf_nat.o
  CC      net/wireless/ethtool.o
  CC      net/wireless/mesh.o
  CC      drivers/video/rockchip/hdmi/rk30_hdmi_lcdc.o
  CC      drivers/video/rockchip/rga/rga_mmu_info.o
  CC      net/netfilter/xt_time.o
  CC      net/wireless/wext-compat.o
  CC      net/wireless/wext-sme.o
  CC      net/wireless/wext-core.o
  LD      net/ipv4/netfilter/built-in.o
  LD      net/ipv4/built-in.o
  CC      drivers/video/rockchip/hdmi/rk30_hdmi_task.o
  CC      drivers/video/rockchip/rga/rga_reg_info.o
  CC      net/netfilter/xt_u32.o
  CC      net/wireless/wext-proc.o
  CC      drivers/video/rockchip/hdmi/rk30_hdmi_sysfs.o
  CC      net/wireless/wext-priv.o
  LD      net/netfilter/netfilter.o
  LD      net/netfilter/built-in.o
  CC      drivers/video/rockchip/hdmi/rk30_hdmi.o
  CC      drivers/video/rockchip/rga/RGA_API.o
  LD      drivers/video/rockchip/rga/rga.o
  LD      drivers/video/rockchip/rga/built-in.o
  LD      net/wireless/cfg80211.o
  LD      net/wireless/built-in.o
  LD      net/built-in.o
  LD      drivers/video/rockchip/hdmi/built-in.o
  LD      drivers/video/rockchip/built-in.o
  LD      drivers/video/built-in.o
  LD      drivers/built-in.o
  LD      vmlinux.o
  MODPOST vmlinux.o
  GEN     .version
  CHK     include/generated/compile.h
  UPD     include/generated/compile.h
  CC      init/version.o
  LD      init/built-in.o
  LD      .tmp_vmlinux1
  KSYM    .tmp_kallsyms1.S
  AS      .tmp_kallsyms1.o
  LD      .tmp_vmlinux2
  KSYM    .tmp_kallsyms2.S
  AS      .tmp_kallsyms2.o
  LD      vmlinux
  SYSMAP  System.map
  SYSMAP  .tmp_System.map
  OBJCOPY arch/arm/boot/Image
  Kernel: arch/arm/boot/Image is ready
  AS      arch/arm/boot/compressed/head.o
  LZMA    arch/arm/boot/compressed/piggy.lzma
  SHIPPED arch/arm/boot/compressed/lib1funcs.S
  CC      arch/arm/boot/compressed/misc.o
  CC      arch/arm/boot/compressed/decompress.o
  AS      arch/arm/boot/compressed/lib1funcs.o
  AS      arch/arm/boot/compressed/piggy.lzma.o
  LD      arch/arm/boot/compressed/vmlinux
  OBJCOPY arch/arm/boot/zImage
  Kernel: arch/arm/boot/zImage is ready
  CHK     include/linux/version.h
  CHK     include/generated/utsrelease.h
make[1]: `include/generated/mach-types.h' is up to date.
  CALL    scripts/checksyscalls.sh
  CC [M]  drivers/bluetooth/hci_vhci.o
  CC [M]  net/8021q/vlan.o
  CC [M]  drivers/bluetooth/hci_ldisc.o
  CC [M]  drivers/bluetooth/hci_h4.o
  CC [M]  lib/crc-itu-t.o
  CC [M]  drivers/bluetooth/hci_bcsp.o
  CC [M]  drivers/bluetooth/hci_ll.o
  CC [M]  net/bluetooth/af_bluetooth.o
  CC [M]  fs/reiserfs/bitmap.o
  CC [M]  drivers/bluetooth/bcm203x.o
  CC [M]  drivers/bluetooth/btusb.o
  CC [M]  net/8021q/vlan_dev.o
  CC [M]  drivers/cpufreq/cpufreq_powersave.o
  CC [M]  net/bluetooth/hci_core.o
  CC [M]  drivers/cpufreq/cpufreq_ondemand.o
  CC [M]  net/bluetooth/hci_conn.o
  CC [M]  drivers/media/common/tuners/tuner-xc2028.o
  CC [M]  net/8021q/vlan_netlink.o
  CC [M]  drivers/media/common/tuners/tuner-simple.o
  CC [M]  fs/reiserfs/do_balan.o
  LD [M]  drivers/bluetooth/hci_uart.o
  CC [M]  drivers/net/macvlan.o
  CC [M]  drivers/net/tun.o
  CC [M]  net/8021q/vlanproc.o
  CC [M]  fs/reiserfs/namei.o
  LD [M]  net/8021q/8021q.o
  CC [M]  drivers/media/common/tuners/tuner-types.o
  CC [M]  net/wireless/lib80211.o
  CC [M]  drivers/media/common/tuners/mt20xx.o
  CC [M]  drivers/media/common/tuners/tda8290.o
  CC [M]  drivers/net/veth.o
  CC [M]  fs/reiserfs/inode.o
  CC [M]  net/bluetooth/hci_event.o
  CC [M]  fs/reiserfs/file.o
  CC [M]  drivers/net/wireless/zd1201.o
  CC [M]  drivers/net/usb/asix.o
  CC [M]  drivers/media/video/gspca/gspca.o
  CC [M]  fs/reiserfs/dir.o
  CC [M]  net/bluetooth/mgmt.o
  CC [M]  drivers/media/common/tuners/tea5767.o
  CC [M]  fs/reiserfs/fix_node.o
  CC [M]  drivers/media/common/tuners/tea5761.o
  CC [M]  drivers/media/common/tuners/tda9887.o
  CC [M]  drivers/net/wireless/rt2x00/rt2x00dev.o
  LD [M]  drivers/media/video/gspca/gspca_main.o
  CC [M]  net/bluetooth/hci_sock.o
  CC [M]  drivers/media/common/tuners/tda827x.o
  CC [M]  net/bluetooth/hci_sysfs.o
  CC [M]  fs/reiserfs/super.o
  CC [M]  net/bluetooth/lib.o
  CC [M]  net/bluetooth/l2cap_core.o
  CC [M]  fs/reiserfs/prints.o
  CC [M]  drivers/net/wireless/rt2x00/rt2x00mac.o
  CC [M]  drivers/media/common/tuners/tda18271-maps.o
  CC [M]  drivers/net/usb/smsc75xx.o
  CC [M]  net/bluetooth/l2cap_sock.o
  CC [M]  net/bluetooth/smp.o
  CC [M]  drivers/media/common/tuners/tda18271-common.o
  CC [M]  drivers/net/wireless/rt2x00/rt2x00config.o
  CC [M]  fs/reiserfs/objectid.o
  CC [M]  fs/reiserfs/lbalance.o
  CC [M]  net/bluetooth/sco.o
  CC [M]  net/bluetooth/bnep/core.o
  CC [M]  fs/reiserfs/ibalance.o
  CC [M]  drivers/net/wireless/rt2x00/rt2x00queue.o
  CC [M]  drivers/net/usb/smsc95xx.o
  CC [M]  drivers/media/common/tuners/tda18271-fe.o
  CC [M]  fs/reiserfs/stree.o
  CC [M]  net/bluetooth/hidp/core.o
  CC [M]  net/bluetooth/bnep/sock.o
  CC [M]  fs/reiserfs/hashes.o
  CC [M]  drivers/net/wireless/rt2x00/rt2x00link.o
  CC [M]  drivers/net/usb/mcs7830.o
  CC [M]  net/bluetooth/bnep/netdev.o
  CC [M]  drivers/media/common/tuners/xc5000.o
  CC [M]  drivers/net/wireless/rt2x00/rt2x00crypto.o
  LD [M]  net/bluetooth/bnep/bnep.o
  CC [M]  drivers/scsi/scsi_wait_scan.o
  CC [M]  net/bluetooth/rfcomm/core.o
  CC [M]  drivers/media/common/tuners/mt2060.o
  CC [M]  fs/reiserfs/tail_conversion.o
  CC [M]  net/bluetooth/hidp/sock.o
  CC [M]  drivers/net/wireless/rt2x00/rt2x00firmware.o
  CC [M]  drivers/media/common/tuners/mt2266.o
  CC [M]  drivers/net/wireless/rtlwifi/base.o
  CC [M]  drivers/media/common/tuners/qt1010.o
  CC [M]  fs/reiserfs/journal.o
  CC [M]  drivers/net/wireless/rt2x00/rt2x00leds.o
  CC [M]  drivers/media/common/tuners/mt2131.o
  CC [M]  fs/reiserfs/resize.o
  LD [M]  net/bluetooth/hidp/hidp.o
  LD [M]  net/bluetooth/bluetooth.o
  CC [M]  drivers/net/wireless/zd1211rw/zd_chip.o
  CC [M]  drivers/media/common/tuners/mxl5005s.o
  CC [M]  drivers/media/common/tuners/mxl5007t.o
  CC [M]  fs/reiserfs/item_ops.o
  CC [M]  drivers/net/wireless/rt2x00/rt2x00usb.o
  CC [M]  net/bluetooth/rfcomm/sock.o
  CC [M]  drivers/net/wireless/rtlwifi/cam.o
  CC [M]  drivers/media/common/tuners/mc44s803.o
  CC [M]  drivers/net/wireless/zd1211rw/zd_mac.o
  CC [M]  fs/reiserfs/ioctl.o
  CC [M]  drivers/net/wireless/rt2x00/rt2800lib.o
  CC [M]  drivers/media/common/tuners/max2165.o
  CC [M]  fs/reiserfs/xattr.o
  CC [M]  drivers/net/wireless/rtlwifi/core.o
  CC [M]  net/bluetooth/rfcomm/tty.o
  CC [M]  drivers/media/common/tuners/tda18218.o
  CC [M]  drivers/net/wireless/zd1211rw/zd_rf_al2230.o
  CC [M]  drivers/media/common/tuners/tda18212.o
  CC [M]  drivers/net/wireless/rt2x00/rt2500usb.o
  CC [M]  drivers/net/wireless/zd1211rw/zd_rf_rf2959.o
  LD [M]  net/bluetooth/rfcomm/rfcomm.o
  CC [M]  drivers/net/wireless/rtlwifi/debug.o
  CC [M]  fs/reiserfs/lock.o
  CC [M]  drivers/net/wireless/rtlwifi/efuse.o
  CC [M]  drivers/net/wireless/zd1211rw/zd_rf_al7230b.o
  CC [M]  drivers/net/wireless/zd1211rw/zd_rf_uw2453.o
  CC [M]  fs/reiserfs/xattr_user.o
  CC [M]  drivers/net/wireless/rtlwifi/ps.o
  CC [M]  fs/reiserfs/xattr_trusted.o
  CC [M]  drivers/net/wireless/zd1211rw/zd_rf.o
  CC [M]  drivers/net/wireless/zd1211rw/zd_usb.o
  CC [M]  fs/reiserfs/xattr_security.o
  LD [M]  drivers/media/common/tuners/tda18271.o
  CC [M]  drivers/net/wireless/rt2x00/rt73usb.o
  CC [M]  drivers/net/wireless/rt2x00/rt2800usb.o
  CC [M]  drivers/net/wireless/rtlwifi/rc.o
  CC [M]  drivers/net/wireless/rtlwifi/regd.o
  CC [M]  fs/reiserfs/xattr_acl.o
  CC [M]  drivers/net/wireless/rtlwifi/usb.o
  CC [M]  drivers/net/wireless/rtlwifi/rtl8192c/main.o
  CC [M]  drivers/net/wireless/rtlwifi/rtl8192cu/dm.o
  LD [M]  fs/reiserfs/reiserfs.o
  LD [M]  drivers/net/wireless/rt2x00/rt2x00lib.o
  CC [M]  drivers/net/wireless/rtlwifi/rtl8192se/dm.o
  LD [M]  drivers/net/wireless/zd1211rw/zd1211rw.o
  CC [M]  drivers/net/wireless/rtlwifi/rtl8192c/dm_common.o
  CC [M]  drivers/net/wireless/rtlwifi/rtl8192cu/hw.o
  CC [M]  drivers/net/wireless/rtlwifi/rtl8192c/fw_common.o
  CC [M]  drivers/net/wireless/rtlwifi/rtl8192cu/led.o
  CC [M]  drivers/net/wireless/rtlwifi/rtl8192se/fw.o
  CC [M]  drivers/net/wireless/rtlwifi/rtl8192cu/mac.o
  CC [M]  drivers/net/wireless/rtlwifi/rtl8192se/hw.o
  LD [M]  drivers/net/wireless/rtlwifi/rtlwifi.o
  CC [M]  drivers/net/wireless/rtlwifi/rtl8192se/led.o
  CC [M]  drivers/net/wireless/rtlwifi/rtl8192c/phy_common.o
  CC [M]  drivers/net/wireless/rtlwifi/rtl8192cu/phy.o
  CC [M]  drivers/net/wireless/rtlwifi/rtl8192se/phy.o
  CC [M]  drivers/net/wireless/rtlwifi/rtl8192se/rf.o
  CC [M]  drivers/net/wireless/rtlwifi/rtl8192cu/rf.o
  CC [M]  drivers/net/wireless/rtlwifi/rtl8192cu/sw.o
  CC [M]  drivers/net/wireless/rtlwifi/rtl8192cu/table.o
  CC [M]  drivers/net/wireless/rtlwifi/rtl8192se/sw.o
  CC [M]  drivers/net/wireless/rtlwifi/rtl8192cu/trx.o
  CC [M]  drivers/net/wireless/rtlwifi/rtl8192se/table.o
  CC [M]  drivers/net/wireless/rtlwifi/rtl8192se/trx.o
  LD [M]  drivers/net/wireless/rtlwifi/rtl8192c/rtl8192c-common.o
  LD [M]  drivers/net/wireless/rtlwifi/rtl8192cu/rtl8192cu.o
  LD [M]  drivers/net/wireless/rtlwifi/rtl8192se/rtl8192se.o
  Building modules, stage 2.
  MODPOST 56 modules
  CC      drivers/bluetooth/bcm203x.mod.o
  CC      drivers/bluetooth/hci_uart.mod.o
  CC      drivers/bluetooth/btusb.mod.o
  CC      drivers/bluetooth/hci_vhci.mod.o
  CC      drivers/cpufreq/cpufreq_ondemand.mod.o
  CC      drivers/cpufreq/cpufreq_powersave.mod.o
  CC      drivers/media/common/tuners/max2165.mod.o
  CC      drivers/media/common/tuners/mc44s803.mod.o
  CC      drivers/media/common/tuners/mt2060.mod.o
  CC      drivers/media/common/tuners/mt20xx.mod.o
  CC      drivers/media/common/tuners/mt2131.mod.o
  CC      drivers/media/common/tuners/mt2266.mod.o
  CC      drivers/media/common/tuners/mxl5005s.mod.o
  CC      drivers/media/common/tuners/mxl5007t.mod.o
  CC      drivers/media/common/tuners/qt1010.mod.o
  CC      drivers/media/common/tuners/tda18212.mod.o
  CC      drivers/media/common/tuners/tda18218.mod.o
  CC      drivers/media/common/tuners/tda18271.mod.o
  CC      drivers/media/common/tuners/tda827x.mod.o
  CC      drivers/media/common/tuners/tda8290.mod.o
  CC      drivers/media/common/tuners/tda9887.mod.o
  CC      drivers/media/common/tuners/tea5761.mod.o
  CC      drivers/media/common/tuners/tea5767.mod.o
  CC      drivers/media/common/tuners/tuner-simple.mod.o
  CC      drivers/media/common/tuners/tuner-types.mod.o
  CC      drivers/media/common/tuners/tuner-xc2028.mod.o
  CC      drivers/media/common/tuners/xc5000.mod.o
  CC      drivers/media/video/gspca/gspca_main.mod.o
  CC      drivers/net/macvlan.mod.o
  CC      drivers/net/tun.mod.o
  CC      drivers/net/usb/asix.mod.o
  CC      drivers/net/usb/mcs7830.mod.o
  CC      drivers/net/usb/smsc95xx.mod.o
  CC      drivers/net/usb/smsc75xx.mod.o
  CC      drivers/net/veth.mod.o
  CC      drivers/net/wireless/rt2x00/rt2500usb.mod.o
  CC      drivers/net/wireless/rt2x00/rt2800usb.mod.o
  CC      drivers/net/wireless/rt2x00/rt2800lib.mod.o
  CC      drivers/net/wireless/rt2x00/rt2x00lib.mod.o
  CC      drivers/net/wireless/rt2x00/rt2x00usb.mod.o
  CC      drivers/net/wireless/rt2x00/rt73usb.mod.o
  CC      drivers/net/wireless/rtlwifi/rtl8192c/rtl8192c-common.mod.o
  CC      drivers/net/wireless/rtlwifi/rtl8192cu/rtl8192cu.mod.o
  CC      drivers/net/wireless/rtlwifi/rtl8192se/rtl8192se.mod.o
  CC      drivers/net/wireless/rtlwifi/rtlwifi.mod.o
  CC      drivers/net/wireless/zd1201.mod.o
  CC      drivers/net/wireless/zd1211rw/zd1211rw.mod.o
  CC      drivers/scsi/scsi_wait_scan.mod.o
  CC      fs/reiserfs/reiserfs.mod.o
  CC      lib/crc-itu-t.mod.o
  CC      net/8021q/8021q.mod.o
  CC      net/bluetooth/bluetooth.mod.o
  CC      net/bluetooth/bnep/bnep.mod.o
  CC      net/bluetooth/hidp/hidp.mod.o
  CC      net/bluetooth/rfcomm/rfcomm.mod.o
  CC      net/wireless/lib80211.mod.o
  LD [M]  drivers/bluetooth/bcm203x.ko
  LD [M]  drivers/bluetooth/btusb.ko
  LD [M]  drivers/bluetooth/hci_uart.ko
  LD [M]  drivers/bluetooth/hci_vhci.ko
  LD [M]  drivers/cpufreq/cpufreq_ondemand.ko
  LD [M]  drivers/cpufreq/cpufreq_powersave.ko
  LD [M]  drivers/media/common/tuners/max2165.ko
  LD [M]  drivers/media/common/tuners/mc44s803.ko
  LD [M]  drivers/media/common/tuners/mt2060.ko
  LD [M]  drivers/media/common/tuners/mt20xx.ko
  LD [M]  drivers/media/common/tuners/mt2131.ko
  LD [M]  drivers/media/common/tuners/mt2266.ko
  LD [M]  drivers/media/common/tuners/mxl5005s.ko
  LD [M]  drivers/media/common/tuners/mxl5007t.ko
  LD [M]  drivers/media/common/tuners/qt1010.ko
  LD [M]  drivers/media/common/tuners/tda18212.ko
  LD [M]  drivers/media/common/tuners/tda18218.ko
  LD [M]  drivers/media/common/tuners/tda18271.ko
  LD [M]  drivers/media/common/tuners/tda827x.ko
  LD [M]  drivers/media/common/tuners/tda8290.ko
  LD [M]  drivers/media/common/tuners/tda9887.ko
  LD [M]  drivers/media/common/tuners/tea5761.ko
  LD [M]  drivers/media/common/tuners/tuner-simple.ko
  LD [M]  drivers/media/common/tuners/tea5767.ko
  LD [M]  drivers/media/common/tuners/tuner-types.ko
  LD [M]  drivers/media/common/tuners/tuner-xc2028.ko
  LD [M]  drivers/media/common/tuners/xc5000.ko
  LD [M]  drivers/media/video/gspca/gspca_main.ko
  LD [M]  drivers/net/macvlan.ko
  LD [M]  drivers/net/tun.ko
  LD [M]  drivers/net/usb/mcs7830.ko
  LD [M]  drivers/net/usb/smsc75xx.ko
  LD [M]  drivers/net/usb/asix.ko
  LD [M]  drivers/net/usb/smsc95xx.ko
  LD [M]  drivers/net/veth.ko
  LD [M]  drivers/net/wireless/rt2x00/rt2500usb.ko
  LD [M]  drivers/net/wireless/rt2x00/rt2800lib.ko
  LD [M]  drivers/net/wireless/rt2x00/rt2800usb.ko
  LD [M]  drivers/net/wireless/rt2x00/rt2x00lib.ko
  LD [M]  drivers/net/wireless/rt2x00/rt2x00usb.ko
  LD [M]  drivers/net/wireless/rt2x00/rt73usb.ko
  LD [M]  drivers/net/wireless/rtlwifi/rtl8192c/rtl8192c-common.ko
  LD [M]  drivers/net/wireless/rtlwifi/rtl8192cu/rtl8192cu.ko
  LD [M]  drivers/net/wireless/rtlwifi/rtl8192se/rtl8192se.ko
  LD [M]  drivers/net/wireless/rtlwifi/rtlwifi.ko
  LD [M]  drivers/net/wireless/zd1201.ko
  LD [M]  drivers/net/wireless/zd1211rw/zd1211rw.ko
  LD [M]  drivers/scsi/scsi_wait_scan.ko
  LD [M]  fs/reiserfs/reiserfs.ko
  LD [M]  lib/crc-itu-t.ko
  LD [M]  net/8021q/8021q.ko
  LD [M]  net/bluetooth/bluetooth.ko
  LD [M]  net/bluetooth/bnep/bnep.ko
  LD [M]  net/bluetooth/hidp/hidp.ko
  LD [M]  net/wireless/lib80211.ko
  LD [M]  net/bluetooth/rfcomm/rfcomm.ko
  INSTALL drivers/cpufreq/cpufreq_ondemand.ko
  INSTALL drivers/bluetooth/hci_uart.ko
  INSTALL drivers/bluetooth/hci_vhci.ko
  INSTALL drivers/cpufreq/cpufreq_powersave.ko
  INSTALL drivers/bluetooth/btusb.ko
  INSTALL drivers/bluetooth/bcm203x.ko
  INSTALL drivers/media/common/tuners/mc44s803.ko
  INSTALL drivers/media/common/tuners/max2165.ko
  INSTALL drivers/media/common/tuners/mt2060.ko
  INSTALL drivers/media/common/tuners/mt2131.ko
  INSTALL drivers/media/common/tuners/mt20xx.ko
  INSTALL drivers/media/common/tuners/mt2266.ko
  INSTALL drivers/media/common/tuners/mxl5005s.ko
  INSTALL drivers/media/common/tuners/qt1010.ko
  INSTALL drivers/media/common/tuners/mxl5007t.ko
  INSTALL drivers/media/common/tuners/tda18212.ko
  INSTALL drivers/media/common/tuners/tda18218.ko
  INSTALL drivers/media/common/tuners/tda18271.ko
  INSTALL drivers/media/common/tuners/tda827x.ko
  INSTALL drivers/media/common/tuners/tda9887.ko
  INSTALL drivers/media/common/tuners/tea5761.ko
  INSTALL drivers/media/common/tuners/tda8290.ko
  INSTALL drivers/media/common/tuners/tea5767.ko
  INSTALL drivers/media/common/tuners/tuner-simple.ko
  INSTALL drivers/media/common/tuners/tuner-types.ko
  INSTALL drivers/media/common/tuners/tuner-xc2028.ko
  INSTALL drivers/media/common/tuners/xc5000.ko
  INSTALL drivers/media/video/gspca/gspca_main.ko
  INSTALL drivers/net/macvlan.ko
  INSTALL drivers/net/tun.ko
  INSTALL drivers/net/usb/asix.ko
  INSTALL drivers/net/usb/mcs7830.ko
  INSTALL drivers/net/usb/smsc75xx.ko
  INSTALL drivers/net/usb/smsc95xx.ko
  INSTALL drivers/net/veth.ko
  INSTALL drivers/net/wireless/rt2x00/rt2500usb.ko
  INSTALL drivers/net/wireless/rt2x00/rt2800lib.ko
  INSTALL drivers/net/wireless/rt2x00/rt2800usb.ko
  INSTALL drivers/net/wireless/rt2x00/rt2x00lib.ko
  INSTALL drivers/net/wireless/rt2x00/rt2x00usb.ko
  INSTALL drivers/net/wireless/rt2x00/rt73usb.ko
  INSTALL drivers/net/wireless/rtlwifi/rtl8192c/rtl8192c-common.ko
  INSTALL drivers/net/wireless/rtlwifi/rtl8192cu/rtl8192cu.ko
  INSTALL drivers/net/wireless/rtlwifi/rtl8192se/rtl8192se.ko
  INSTALL drivers/net/wireless/zd1201.ko
  INSTALL drivers/net/wireless/zd1211rw/zd1211rw.ko
  INSTALL drivers/net/wireless/rtlwifi/rtlwifi.ko
  INSTALL drivers/scsi/scsi_wait_scan.ko
  INSTALL fs/reiserfs/reiserfs.ko
  INSTALL lib/crc-itu-t.ko
  INSTALL net/8021q/8021q.ko
  INSTALL net/bluetooth/bluetooth.ko
  INSTALL net/bluetooth/bnep/bnep.ko
  INSTALL net/bluetooth/hidp/hidp.ko
  INSTALL net/wireless/lib80211.ko
  INSTALL net/bluetooth/rfcomm/rfcomm.ko
  DEPMOD  3.0.8+
